[ 2017-05-15T21:49:24+08:00 ] 127.0.0.1 /index.php
INFO: [ app_init ] --START--
INFO: Run Behavior\BuildLiteBehavior [ RunTime:0.000028s ]
INFO: [ app_init ] --END-- [ RunTime:0.000623s ]
INFO: [ app_begin ] --START--
INFO: Run Behavior\ReadHtmlCacheBehavior [ RunTime:0.001190s ]
INFO: [ app_begin ] --END-- [ RunTime:0.001356s ]
SQL: SHOW COLUMNS FROM `b_cate` [ RunTime:0.1317s ]
SQL: SELECT * FROM `b_cate` WHERE `pid` = 0 ORDER BY sort ASC  [ RunTime:0.0010s ]
SQL: SHOW COLUMNS FROM `b_blog` [ RunTime:0.0641s ]
SQL: SELECT * FROM `b_cate` ORDER BY sort ASC  [ RunTime:0.0006s ]
SQL: SELECT `id`,`title`,`time` FROM `b_blog` WHERE `cid` IN ('1') ORDER BY time DESC  [ RunTime:0.0132s ]
SQL: SELECT `id`,`title`,`time` FROM `b_blog` WHERE `cid` IN ('2') ORDER BY time DESC  [ RunTime:0.0005s ]
SQL: SELECT `id`,`title`,`time` FROM `b_blog` WHERE `cid` IN ('8','19','20','9','3') ORDER BY time DESC  [ RunTime:0.0008s ]
SQL: SELECT `id`,`title`,`time` FROM `b_blog` WHERE `cid` IN ('10','11','12','4') ORDER BY time DESC  [ RunTime:0.0004s ]
SQL: SELECT `id`,`title`,`time` FROM `b_blog` WHERE `cid` IN ('16','14','15','13','5') ORDER BY time DESC  [ RunTime:0.0004s ]
SQL: SELECT `id`,`title`,`time` FROM `b_blog` WHERE `cid` IN ('17','18','6') ORDER BY time DESC  [ RunTime:0.0005s ]
SQL: SELECT `id`,`title`,`time` FROM `b_blog` WHERE `cid` IN ('7') ORDER BY time DESC  [ RunTime:0.0004s ]
INFO: [ view_parse ] --START--
INFO: [ template_filter ] --START--
INFO: Run Behavior\ContentReplaceBehavior [ RunTime:0.000103s ]
INFO: [ template_filter ] --END-- [ RunTime:0.000234s ]
SQL: SELECT * FROM `b_cate` ORDER BY sort  [ RunTime:0.0008s ]
INFO: Run Behavior\ParseTemplateBehavior [ RunTime:0.264502s ]
INFO: [ view_parse ] --END-- [ RunTime:0.264625s ]
INFO: [ view_filter ] --START--
INFO: Run Behavior\WriteHtmlCacheBehavior [ RunTime:0.000707s ]
INFO: [ view_filter ] --END-- [ RunTime:0.000804s ]
INFO: [ app_end ] --START--
INFO: Run Behavior\ShowPageTraceBehavior [ RunTime:0.001071s ]
INFO: [ app_end ] --END-- [ RunTime:0.001180s ]

