[ 2017-06-23T20:50:07+08:00 ] 127.0.0.1 /index.php
INFO: [ app_init ] --START--
INFO: Run Behavior\BuildLiteBehavior [ RunTime:0.000028s ]
INFO: [ app_init ] --END-- [ RunTime:0.000667s ]
INFO: [ app_begin ] --START--
INFO: Run Behavior\ReadHtmlCacheBehavior [ RunTime:0.001142s ]
INFO: [ app_begin ] --END-- [ RunTime:0.001289s ]
SQL: SHOW COLUMNS FROM `b_cate` [ RunTime:0.4695s ]
SQL: SELECT * FROM `b_cate` WHERE `pid` = 0 ORDER BY sort ASC  [ RunTime:0.0004s ]
SQL: SHOW COLUMNS FROM `b_blog` [ RunTime:0.2340s ]
SQL: SELECT * FROM `b_cate` ORDER BY sort ASC  [ RunTime:0.0013s ]
SQL: SELECT `id`,`title`,`time` FROM `b_blog` WHERE `cid` IN ('1') ORDER BY time DESC  [ RunTime:0.0007s ]
SQL: SELECT `id`,`title`,`time` FROM `b_blog` WHERE `cid` IN ('2') ORDER BY time DESC  [ RunTime:0.0006s ]
SQL: SELECT `id`,`title`,`time` FROM `b_blog` WHERE `cid` IN ('8','19','20','9','3') ORDER BY time DESC  [ RunTime:0.0007s ]
SQL: SELECT `id`,`title`,`time` FROM `b_blog` WHERE `cid` IN ('10','11','12','4') ORDER BY time DESC  [ RunTime:0.0006s ]
SQL: SELECT `id`,`title`,`time` FROM `b_blog` WHERE `cid` IN ('16','14','15','13','5') ORDER BY time DESC  [ RunTime:0.0006s ]
SQL: SELECT `id`,`title`,`time` FROM `b_blog` WHERE `cid` IN ('17','18','6') ORDER BY time DESC  [ RunTime:0.0006s ]
SQL: SELECT `id`,`title`,`time` FROM `b_blog` WHERE `cid` IN ('7') ORDER BY time DESC  [ RunTime:0.0006s ]
INFO: [ view_parse ] --START--
INFO: [ template_filter ] --START--
INFO: Run Behavior\ContentReplaceBehavior [ RunTime:0.000056s ]
INFO: [ template_filter ] --END-- [ RunTime:0.000122s ]
SQL: SELECT * FROM `b_cate` ORDER BY sort  [ RunTime:0.0010s ]
INFO: Run Behavior\ParseTemplateBehavior [ RunTime:0.893900s ]
INFO: [ view_parse ] --END-- [ RunTime:0.894053s ]
INFO: [ view_filter ] --START--
INFO: Run Behavior\WriteHtmlCacheBehavior [ RunTime:0.000887s ]
INFO: [ view_filter ] --END-- [ RunTime:0.001004s ]
INFO: [ app_end ] --START--
INFO: Run Behavior\ShowPageTraceBehavior [ RunTime:0.001307s ]
INFO: [ app_end ] --END-- [ RunTime:0.001487s ]

[ 2017-06-23T20:50:11+08:00 ] 127.0.0.1 /index.php/c_2.html
INFO: [ app_init ] --START--
INFO: Run Behavior\BuildLiteBehavior [ RunTime:0.000015s ]
INFO: [ app_init ] --END-- [ RunTime:0.000336s ]
INFO: [ app_begin ] --START--
INFO: Run Behavior\ReadHtmlCacheBehavior [ RunTime:0.000500s ]
INFO: [ app_begin ] --END-- [ RunTime:0.000557s ]
SQL: SHOW COLUMNS FROM `b_cate` [ RunTime:0.0694s ]
SQL: SELECT * FROM `b_cate` ORDER BY sort ASC  [ RunTime:0.0004s ]
SQL: SHOW COLUMNS FROM `b_blog` [ RunTime:0.0021s ]
SQL: SELECT COUNT(*) AS tp_count FROM `b_blog` WHERE `cid` IN (2) LIMIT 1   [ RunTime:0.0003s ]
SQL: SHOW COLUMNS FROM `b_blog` [ RunTime:0.0061s ]
SQL: SHOW COLUMNS FROM `b_cate` [ RunTime:0.0048s ]
SQL: SELECT Blog.id AS id,Blog.title AS title,Blog.time AS time,Blog.click AS click,Blog.summary AS summary,Cate.name AS name FROM b_blog Blog LEFT JOIN b_cate Cate ON blog.cid=cate.id WHERE `cid` IN (2) LIMIT 0,15   [ RunTime:0.0009s ]
INFO: [ view_parse ] --START--
INFO: [ template_filter ] --START--
INFO: Run Behavior\ContentReplaceBehavior [ RunTime:0.000058s ]
INFO: [ template_filter ] --END-- [ RunTime:0.000139s ]
SQL: SELECT * FROM `b_cate` ORDER BY sort  [ RunTime:0.0005s ]
INFO: Run Behavior\ParseTemplateBehavior [ RunTime:0.119370s ]
INFO: [ view_parse ] --END-- [ RunTime:0.119496s ]
INFO: [ view_filter ] --START--
INFO: Run Behavior\WriteHtmlCacheBehavior [ RunTime:0.000310s ]
INFO: [ view_filter ] --END-- [ RunTime:0.000365s ]
INFO: [ app_end ] --START--
INFO: Run Behavior\ShowPageTraceBehavior [ RunTime:0.000460s ]
INFO: [ app_end ] --END-- [ RunTime:0.000517s ]

[ 2017-06-23T20:50:12+08:00 ] 127.0.0.1 /index.php/c_3.html
INFO: [ app_init ] --START--
INFO: Run Behavior\BuildLiteBehavior [ RunTime:0.000102s ]
INFO: [ app_init ] --END-- [ RunTime:0.001419s ]
INFO: [ app_begin ] --START--
INFO: Run Behavior\ReadHtmlCacheBehavior [ RunTime:0.000695s ]
INFO: [ app_begin ] --END-- [ RunTime:0.000792s ]
SQL: SHOW COLUMNS FROM `b_cate` [ RunTime:0.1558s ]
SQL: SELECT * FROM `b_cate` ORDER BY sort ASC  [ RunTime:0.0003s ]
SQL: SHOW COLUMNS FROM `b_blog` [ RunTime:0.0021s ]
SQL: SELECT COUNT(*) AS tp_count FROM `b_blog` WHERE `cid` IN ('8','19','20','9',3) LIMIT 1   [ RunTime:0.0003s ]
SQL: SHOW COLUMNS FROM `b_blog` [ RunTime:0.0023s ]
SQL: SHOW COLUMNS FROM `b_cate` [ RunTime:0.0025s ]
SQL: SELECT Blog.id AS id,Blog.title AS title,Blog.time AS time,Blog.click AS click,Blog.summary AS summary,Cate.name AS name FROM b_blog Blog LEFT JOIN b_cate Cate ON blog.cid=cate.id WHERE `cid` IN ('8','19','20','9',3) LIMIT 0,15   [ RunTime:0.0004s ]
INFO: [ view_parse ] --START--
INFO: [ template_filter ] --START--
INFO: Run Behavior\ContentReplaceBehavior [ RunTime:0.000054s ]
INFO: [ template_filter ] --END-- [ RunTime:0.000120s ]
SQL: SELECT * FROM `b_cate` ORDER BY sort  [ RunTime:0.0005s ]
INFO: Run Behavior\ParseTemplateBehavior [ RunTime:0.011607s ]
INFO: [ view_parse ] --END-- [ RunTime:0.011668s ]
INFO: [ view_filter ] --START--
INFO: Run Behavior\WriteHtmlCacheBehavior [ RunTime:0.000296s ]
INFO: [ view_filter ] --END-- [ RunTime:0.000347s ]
INFO: [ app_end ] --START--
INFO: Run Behavior\ShowPageTraceBehavior [ RunTime:0.000526s ]
INFO: [ app_end ] --END-- [ RunTime:0.000584s ]

[ 2017-06-23T20:50:13+08:00 ] 127.0.0.1 /index.php/c_4.html
INFO: [ app_init ] --START--
INFO: Run Behavior\BuildLiteBehavior [ RunTime:0.000020s ]
INFO: [ app_init ] --END-- [ RunTime:0.000471s ]
INFO: [ app_begin ] --START--
INFO: Run Behavior\ReadHtmlCacheBehavior [ RunTime:0.000705s ]
INFO: [ app_begin ] --END-- [ RunTime:0.000792s ]
SQL: SHOW COLUMNS FROM `b_cate` [ RunTime:0.0695s ]
SQL: SELECT * FROM `b_cate` ORDER BY sort ASC  [ RunTime:0.0009s ]
SQL: SHOW COLUMNS FROM `b_blog` [ RunTime:0.0077s ]
SQL: SELECT COUNT(*) AS tp_count FROM `b_blog` WHERE `cid` IN ('10','11','12',4) LIMIT 1   [ RunTime:0.0009s ]
SQL: SHOW COLUMNS FROM `b_blog` [ RunTime:0.0052s ]
SQL: SHOW COLUMNS FROM `b_cate` [ RunTime:0.0022s ]
SQL: SELECT Blog.id AS id,Blog.title AS title,Blog.time AS time,Blog.click AS click,Blog.summary AS summary,Cate.name AS name FROM b_blog Blog LEFT JOIN b_cate Cate ON blog.cid=cate.id WHERE `cid` IN ('10','11','12',4) LIMIT 0,15   [ RunTime:0.0004s ]
INFO: [ view_parse ] --START--
INFO: [ template_filter ] --START--
INFO: Run Behavior\ContentReplaceBehavior [ RunTime:0.000055s ]
INFO: [ template_filter ] --END-- [ RunTime:0.000115s ]
SQL: SELECT * FROM `b_cate` ORDER BY sort  [ RunTime:0.0005s ]
INFO: Run Behavior\ParseTemplateBehavior [ RunTime:0.011050s ]
INFO: [ view_parse ] --END-- [ RunTime:0.011122s ]
INFO: [ view_filter ] --START--
INFO: Run Behavior\WriteHtmlCacheBehavior [ RunTime:0.000346s ]
INFO: [ view_filter ] --END-- [ RunTime:0.000402s ]
INFO: [ app_end ] --START--
INFO: Run Behavior\ShowPageTraceBehavior [ RunTime:0.000504s ]
INFO: [ app_end ] --END-- [ RunTime:0.000557s ]

[ 2017-06-23T20:50:14+08:00 ] 127.0.0.1 /index.php/c_5.html
INFO: [ app_init ] --START--
INFO: Run Behavior\BuildLiteBehavior [ RunTime:0.000021s ]
INFO: [ app_init ] --END-- [ RunTime:0.000338s ]
INFO: [ app_begin ] --START--
INFO: Run Behavior\ReadHtmlCacheBehavior [ RunTime:0.000583s ]
INFO: [ app_begin ] --END-- [ RunTime:0.000664s ]
SQL: SHOW COLUMNS FROM `b_cate` [ RunTime:0.0476s ]
SQL: SELECT * FROM `b_cate` ORDER BY sort ASC  [ RunTime:0.0010s ]
SQL: SHOW COLUMNS FROM `b_blog` [ RunTime:0.0055s ]
SQL: SELECT COUNT(*) AS tp_count FROM `b_blog` WHERE `cid` IN ('16','14','15','13',5) LIMIT 1   [ RunTime:0.0008s ]
SQL: SHOW COLUMNS FROM `b_blog` [ RunTime:0.0059s ]
SQL: SHOW COLUMNS FROM `b_cate` [ RunTime:0.0027s ]
SQL: SELECT Blog.id AS id,Blog.title AS title,Blog.time AS time,Blog.click AS click,Blog.summary AS summary,Cate.name AS name FROM b_blog Blog LEFT JOIN b_cate Cate ON blog.cid=cate.id WHERE `cid` IN ('16','14','15','13',5) LIMIT 0,15   [ RunTime:0.0005s ]
INFO: [ view_parse ] --START--
INFO: [ template_filter ] --START--
INFO: Run Behavior\ContentReplaceBehavior [ RunTime:0.000079s ]
INFO: [ template_filter ] --END-- [ RunTime:0.000170s ]
SQL: SELECT * FROM `b_cate` ORDER BY sort  [ RunTime:0.0008s ]
INFO: Run Behavior\ParseTemplateBehavior [ RunTime:0.015269s ]
INFO: [ view_parse ] --END-- [ RunTime:0.015357s ]
INFO: [ view_filter ] --START--
INFO: Run Behavior\WriteHtmlCacheBehavior [ RunTime:0.000344s ]
INFO: [ view_filter ] --END-- [ RunTime:0.000413s ]
INFO: [ app_end ] --START--
INFO: Run Behavior\ShowPageTraceBehavior [ RunTime:0.000580s ]
INFO: [ app_end ] --END-- [ RunTime:0.000651s ]

[ 2017-06-23T20:50:15+08:00 ] 127.0.0.1 /index.php/c_6.html
INFO: [ app_init ] --START--
INFO: Run Behavior\BuildLiteBehavior [ RunTime:0.000015s ]
INFO: [ app_init ] --END-- [ RunTime:0.000305s ]
INFO: [ app_begin ] --START--
INFO: Run Behavior\ReadHtmlCacheBehavior [ RunTime:0.000413s ]
INFO: [ app_begin ] --END-- [ RunTime:0.000474s ]
SQL: SHOW COLUMNS FROM `b_cate` [ RunTime:0.0894s ]
SQL: SELECT * FROM `b_cate` ORDER BY sort ASC  [ RunTime:0.0008s ]
SQL: SHOW COLUMNS FROM `b_blog` [ RunTime:0.0069s ]
SQL: SELECT COUNT(*) AS tp_count FROM `b_blog` WHERE `cid` IN ('17','18',6) LIMIT 1   [ RunTime:0.0007s ]
SQL: SHOW COLUMNS FROM `b_blog` [ RunTime:0.0050s ]
SQL: SHOW COLUMNS FROM `b_cate` [ RunTime:0.0026s ]
SQL: SELECT Blog.id AS id,Blog.title AS title,Blog.time AS time,Blog.click AS click,Blog.summary AS summary,Cate.name AS name FROM b_blog Blog LEFT JOIN b_cate Cate ON blog.cid=cate.id WHERE `cid` IN ('17','18',6) LIMIT 0,15   [ RunTime:0.0005s ]
INFO: [ view_parse ] --START--
INFO: [ template_filter ] --START--
INFO: Run Behavior\ContentReplaceBehavior [ RunTime:0.000067s ]
INFO: [ template_filter ] --END-- [ RunTime:0.000147s ]
SQL: SELECT * FROM `b_cate` ORDER BY sort  [ RunTime:0.0006s ]
INFO: Run Behavior\ParseTemplateBehavior [ RunTime:0.012521s ]
INFO: [ view_parse ] --END-- [ RunTime:0.012610s ]
INFO: [ view_filter ] --START--
INFO: Run Behavior\WriteHtmlCacheBehavior [ RunTime:0.000285s ]
INFO: [ view_filter ] --END-- [ RunTime:0.000345s ]
INFO: [ app_end ] --START--
INFO: Run Behavior\ShowPageTraceBehavior [ RunTime:0.000495s ]
INFO: [ app_end ] --END-- [ RunTime:0.000554s ]

[ 2017-06-23T20:50:15+08:00 ] 127.0.0.1 /index.php/c_7.html
INFO: [ app_init ] --START--
INFO: Run Behavior\BuildLiteBehavior [ RunTime:0.000017s ]
INFO: [ app_init ] --END-- [ RunTime:0.000363s ]
INFO: [ app_begin ] --START--
INFO: Run Behavior\ReadHtmlCacheBehavior [ RunTime:0.000464s ]
INFO: [ app_begin ] --END-- [ RunTime:0.000540s ]
SQL: SHOW COLUMNS FROM `b_cate` [ RunTime:0.0767s ]
SQL: SELECT * FROM `b_cate` ORDER BY sort ASC  [ RunTime:0.0010s ]
SQL: SHOW COLUMNS FROM `b_blog` [ RunTime:0.0056s ]
SQL: SELECT COUNT(*) AS tp_count FROM `b_blog` WHERE `cid` IN (7) LIMIT 1   [ RunTime:0.0010s ]
SQL: SHOW COLUMNS FROM `b_blog` [ RunTime:0.0055s ]
SQL: SHOW COLUMNS FROM `b_cate` [ RunTime:0.0040s ]
SQL: SELECT Blog.id AS id,Blog.title AS title,Blog.time AS time,Blog.click AS click,Blog.summary AS summary,Cate.name AS name FROM b_blog Blog LEFT JOIN b_cate Cate ON blog.cid=cate.id WHERE `cid` IN (7) LIMIT 0,15   [ RunTime:0.0005s ]
INFO: [ view_parse ] --START--
INFO: [ template_filter ] --START--
INFO: Run Behavior\ContentReplaceBehavior [ RunTime:0.000071s ]
INFO: [ template_filter ] --END-- [ RunTime:0.000154s ]
SQL: SELECT * FROM `b_cate` ORDER BY sort  [ RunTime:0.0006s ]
INFO: Run Behavior\ParseTemplateBehavior [ RunTime:0.013370s ]
INFO: [ view_parse ] --END-- [ RunTime:0.013462s ]
INFO: [ view_filter ] --START--
INFO: Run Behavior\WriteHtmlCacheBehavior [ RunTime:0.000302s ]
INFO: [ view_filter ] --END-- [ RunTime:0.000369s ]
INFO: [ app_end ] --START--
INFO: Run Behavior\ShowPageTraceBehavior [ RunTime:0.000529s ]
INFO: [ app_end ] --END-- [ RunTime:0.000593s ]

[ 2017-06-23T20:50:20+08:00 ] 127.0.0.1 /index.php/
INFO: [ app_init ] --START--
INFO: Run Behavior\BuildLiteBehavior [ RunTime:0.000017s ]
INFO: [ app_init ] --END-- [ RunTime:0.000376s ]
INFO: [ app_begin ] --START--
INFO: Run Behavior\ReadHtmlCacheBehavior [ RunTime:0.000471s ]
INFO: [ app_begin ] --END-- [ RunTime:0.000543s ]
INFO: [ view_parse ] --START--
INFO: [ template_filter ] --START--
INFO: Run Behavior\ContentReplaceBehavior [ RunTime:0.000050s ]
INFO: [ template_filter ] --END-- [ RunTime:0.000112s ]
SQL: SHOW COLUMNS FROM `b_cate` [ RunTime:0.0158s ]
SQL: SELECT * FROM `b_cate` ORDER BY sort  [ RunTime:0.0004s ]
INFO: Run Behavior\ParseTemplateBehavior [ RunTime:0.037025s ]
INFO: [ view_parse ] --END-- [ RunTime:0.037095s ]
INFO: [ view_filter ] --START--
INFO: Run Behavior\WriteHtmlCacheBehavior [ RunTime:0.000257s ]
INFO: [ view_filter ] --END-- [ RunTime:0.000300s ]
INFO: [ app_end ] --START--
INFO: Run Behavior\ShowPageTraceBehavior [ RunTime:0.000409s ]
INFO: [ app_end ] --END-- [ RunTime:0.000453s ]

[ 2017-06-23T20:51:21+08:00 ] 127.0.0.1 /index.php/3.html
INFO: [ app_init ] --START--
INFO: Run Behavior\BuildLiteBehavior [ RunTime:0.000027s ]
INFO: [ app_init ] --END-- [ RunTime:0.000606s ]
INFO: [ app_begin ] --START--

[ 2017-06-23T20:51:21+08:00 ] 127.0.0.1 /index.php/Show/clickNum/id/3.html
INFO: [ app_init ] --START--
INFO: Run Behavior\BuildLiteBehavior [ RunTime:0.000015s ]
INFO: [ app_init ] --END-- [ RunTime:0.000308s ]
INFO: [ app_begin ] --START--
INFO: Run Behavior\ReadHtmlCacheBehavior [ RunTime:0.000419s ]
INFO: [ app_begin ] --END-- [ RunTime:0.000476s ]
SQL: SHOW COLUMNS FROM `b_blog` [ RunTime:0.0335s ]
SQL: UPDATE `b_blog` SET `click`=click+1 WHERE `id` = 3 [ RunTime:0.2307s ]
SQL: SELECT `click` FROM `b_blog` WHERE `id` = 3 LIMIT 1   [ RunTime:0.0005s ]
INFO: [ app_end ] --START--
INFO: Run Behavior\ShowPageTraceBehavior [ RunTime:0.000784s ]
INFO: [ app_end ] --END-- [ RunTime:0.000895s ]

[ 2017-06-23T20:51:24+08:00 ] 127.0.0.1 /index.php/c_1.html
INFO: [ app_init ] --START--
INFO: Run Behavior\BuildLiteBehavior [ RunTime:0.000014s ]
INFO: [ app_init ] --END-- [ RunTime:0.000304s ]
INFO: [ app_begin ] --START--
INFO: Run Behavior\ReadHtmlCacheBehavior [ RunTime:0.000405s ]
INFO: [ app_begin ] --END-- [ RunTime:0.000461s ]
SQL: SHOW COLUMNS FROM `b_cate` [ RunTime:0.0196s ]
SQL: SELECT * FROM `b_cate` ORDER BY sort ASC  [ RunTime:0.0005s ]
SQL: SHOW COLUMNS FROM `b_blog` [ RunTime:0.0020s ]
SQL: SELECT COUNT(*) AS tp_count FROM `b_blog` WHERE `cid` IN (1) LIMIT 1   [ RunTime:0.0002s ]
SQL: SHOW COLUMNS FROM `b_blog` [ RunTime:0.0023s ]
SQL: SHOW COLUMNS FROM `b_cate` [ RunTime:0.0022s ]
SQL: SELECT Blog.id AS id,Blog.title AS title,Blog.time AS time,Blog.click AS click,Blog.summary AS summary,Cate.name AS name FROM b_blog Blog LEFT JOIN b_cate Cate ON blog.cid=cate.id WHERE `cid` IN (1) LIMIT 0,15   [ RunTime:0.0003s ]
INFO: [ view_parse ] --START--
INFO: [ template_filter ] --START--
INFO: Run Behavior\ContentReplaceBehavior [ RunTime:0.000054s ]
INFO: [ template_filter ] --END-- [ RunTime:0.000121s ]
SQL: SELECT * FROM `b_cate` ORDER BY sort  [ RunTime:0.0004s ]
INFO: Run Behavior\ParseTemplateBehavior [ RunTime:0.010851s ]
INFO: [ view_parse ] --END-- [ RunTime:0.010912s ]
INFO: [ view_filter ] --START--
INFO: Run Behavior\WriteHtmlCacheBehavior [ RunTime:0.000218s ]
INFO: [ view_filter ] --END-- [ RunTime:0.000266s ]
INFO: [ app_end ] --START--
INFO: Run Behavior\ShowPageTraceBehavior [ RunTime:0.000400s ]
INFO: [ app_end ] --END-- [ RunTime:0.000447s ]

[ 2017-06-23T20:51:25+08:00 ] 127.0.0.1 /index.php/c_2.html
INFO: [ app_init ] --START--
INFO: Run Behavior\BuildLiteBehavior [ RunTime:0.000017s ]
INFO: [ app_init ] --END-- [ RunTime:0.000373s ]
INFO: [ app_begin ] --START--
INFO: Run Behavior\ReadHtmlCacheBehavior [ RunTime:0.000488s ]
INFO: [ app_begin ] --END-- [ RunTime:0.000550s ]
SQL: SHOW COLUMNS FROM `b_cate` [ RunTime:0.0337s ]
SQL: SELECT * FROM `b_cate` ORDER BY sort ASC  [ RunTime:0.0003s ]
SQL: SHOW COLUMNS FROM `b_blog` [ RunTime:0.0025s ]
SQL: SELECT COUNT(*) AS tp_count FROM `b_blog` WHERE `cid` IN (2) LIMIT 1   [ RunTime:0.0003s ]
SQL: SHOW COLUMNS FROM `b_blog` [ RunTime:0.0022s ]
SQL: SHOW COLUMNS FROM `b_cate` [ RunTime:0.0020s ]
SQL: SELECT Blog.id AS id,Blog.title AS title,Blog.time AS time,Blog.click AS click,Blog.summary AS summary,Cate.name AS name FROM b_blog Blog LEFT JOIN b_cate Cate ON blog.cid=cate.id WHERE `cid` IN (2) LIMIT 0,15   [ RunTime:0.0003s ]
INFO: [ view_parse ] --START--
INFO: [ template_filter ] --START--
INFO: Run Behavior\ContentReplaceBehavior [ RunTime:0.000055s ]
INFO: [ template_filter ] --END-- [ RunTime:0.000118s ]
SQL: SELECT * FROM `b_cate` ORDER BY sort  [ RunTime:0.0005s ]
INFO: Run Behavior\ParseTemplateBehavior [ RunTime:0.011139s ]
INFO: [ view_parse ] --END-- [ RunTime:0.011205s ]
INFO: [ view_filter ] --START--
INFO: Run Behavior\WriteHtmlCacheBehavior [ RunTime:0.000315s ]
INFO: [ view_filter ] --END-- [ RunTime:0.000366s ]
INFO: [ app_end ] --START--
INFO: Run Behavior\ShowPageTraceBehavior [ RunTime:0.000424s ]
INFO: [ app_end ] --END-- [ RunTime:0.000474s ]

[ 2017-06-23T20:51:25+08:00 ] 127.0.0.1 /index.php/c_3.html
INFO: [ app_init ] --START--
INFO: Run Behavior\BuildLiteBehavior [ RunTime:0.000015s ]
INFO: [ app_init ] --END-- [ RunTime:0.000343s ]
INFO: [ app_begin ] --START--
INFO: Run Behavior\ReadHtmlCacheBehavior [ RunTime:0.000432s ]
INFO: [ app_begin ] --END-- [ RunTime:0.000494s ]
SQL: SHOW COLUMNS FROM `b_cate` [ RunTime:0.0216s ]
SQL: SELECT * FROM `b_cate` ORDER BY sort ASC  [ RunTime:0.0003s ]
SQL: SHOW COLUMNS FROM `b_blog` [ RunTime:0.0021s ]
SQL: SELECT COUNT(*) AS tp_count FROM `b_blog` WHERE `cid` IN ('8','19','20','9',3) LIMIT 1   [ RunTime:0.0003s ]
SQL: SHOW COLUMNS FROM `b_blog` [ RunTime:0.0022s ]
SQL: SHOW COLUMNS FROM `b_cate` [ RunTime:0.0019s ]
SQL: SELECT Blog.id AS id,Blog.title AS title,Blog.time AS time,Blog.click AS click,Blog.summary AS summary,Cate.name AS name FROM b_blog Blog LEFT JOIN b_cate Cate ON blog.cid=cate.id WHERE `cid` IN ('8','19','20','9',3) LIMIT 0,15   [ RunTime:0.0003s ]
INFO: [ view_parse ] --START--
INFO: [ template_filter ] --START--
INFO: Run Behavior\ContentReplaceBehavior [ RunTime:0.000055s ]
INFO: [ template_filter ] --END-- [ RunTime:0.000118s ]
SQL: SELECT * FROM `b_cate` ORDER BY sort  [ RunTime:0.0004s ]
INFO: Run Behavior\ParseTemplateBehavior [ RunTime:0.011180s ]
INFO: [ view_parse ] --END-- [ RunTime:0.011240s ]
INFO: [ view_filter ] --START--
INFO: Run Behavior\WriteHtmlCacheBehavior [ RunTime:0.000222s ]
INFO: [ view_filter ] --END-- [ RunTime:0.000269s ]
INFO: [ app_end ] --START--
INFO: Run Behavior\ShowPageTraceBehavior [ RunTime:0.000406s ]
INFO: [ app_end ] --END-- [ RunTime:0.000455s ]

[ 2017-06-23T20:51:26+08:00 ] 127.0.0.1 /index.php/c_3.html
INFO: [ app_init ] --START--
INFO: Run Behavior\BuildLiteBehavior [ RunTime:0.000015s ]
INFO: [ app_init ] --END-- [ RunTime:0.000326s ]
INFO: [ app_begin ] --START--
INFO: Run Behavior\ReadHtmlCacheBehavior [ RunTime:0.000408s ]
INFO: [ app_begin ] --END-- [ RunTime:0.000464s ]
SQL: SHOW COLUMNS FROM `b_cate` [ RunTime:0.0196s ]
SQL: SELECT * FROM `b_cate` ORDER BY sort ASC  [ RunTime:0.0003s ]
SQL: SHOW COLUMNS FROM `b_blog` [ RunTime:0.0022s ]
SQL: SELECT COUNT(*) AS tp_count FROM `b_blog` WHERE `cid` IN ('8','19','20','9',3) LIMIT 1   [ RunTime:0.0004s ]
SQL: SHOW COLUMNS FROM `b_blog` [ RunTime:0.0024s ]
SQL: SHOW COLUMNS FROM `b_cate` [ RunTime:0.0020s ]
SQL: SELECT Blog.id AS id,Blog.title AS title,Blog.time AS time,Blog.click AS click,Blog.summary AS summary,Cate.name AS name FROM b_blog Blog LEFT JOIN b_cate Cate ON blog.cid=cate.id WHERE `cid` IN ('8','19','20','9',3) LIMIT 0,15   [ RunTime:0.0004s ]
INFO: [ view_parse ] --START--
INFO: [ template_filter ] --START--
INFO: Run Behavior\ContentReplaceBehavior [ RunTime:0.000062s ]
INFO: [ template_filter ] --END-- [ RunTime:0.000133s ]
SQL: SELECT * FROM `b_cate` ORDER BY sort  [ RunTime:0.0005s ]
INFO: Run Behavior\ParseTemplateBehavior [ RunTime:0.011907s ]
INFO: [ view_parse ] --END-- [ RunTime:0.012148s ]
INFO: [ view_filter ] --START--
INFO: Run Behavior\WriteHtmlCacheBehavior [ RunTime:0.000297s ]
INFO: [ view_filter ] --END-- [ RunTime:0.000347s ]
INFO: [ app_end ] --START--
INFO: Run Behavior\ShowPageTraceBehavior [ RunTime:0.000437s ]
INFO: [ app_end ] --END-- [ RunTime:0.000493s ]

[ 2017-06-23T20:51:27+08:00 ] 127.0.0.1 /index.php/c_4.html
INFO: [ app_init ] --START--
INFO: Run Behavior\BuildLiteBehavior [ RunTime:0.000023s ]
INFO: [ app_init ] --END-- [ RunTime:0.000460s ]
INFO: [ app_begin ] --START--
INFO: Run Behavior\ReadHtmlCacheBehavior [ RunTime:0.000657s ]
INFO: [ app_begin ] --END-- [ RunTime:0.000780s ]
SQL: SHOW COLUMNS FROM `b_cate` [ RunTime:0.0527s ]
SQL: SELECT * FROM `b_cate` ORDER BY sort ASC  [ RunTime:0.0004s ]
SQL: SHOW COLUMNS FROM `b_blog` [ RunTime:0.0024s ]
SQL: SELECT COUNT(*) AS tp_count FROM `b_blog` WHERE `cid` IN ('10','11','12',4) LIMIT 1   [ RunTime:0.0003s ]
SQL: SHOW COLUMNS FROM `b_blog` [ RunTime:0.0460s ]
SQL: SHOW COLUMNS FROM `b_cate` [ RunTime:0.0200s ]
SQL: SELECT Blog.id AS id,Blog.title AS title,Blog.time AS time,Blog.click AS click,Blog.summary AS summary,Cate.name AS name FROM b_blog Blog LEFT JOIN b_cate Cate ON blog.cid=cate.id WHERE `cid` IN ('10','11','12',4) LIMIT 0,15   [ RunTime:0.0005s ]
INFO: [ view_parse ] --START--
INFO: [ template_filter ] --START--
INFO: Run Behavior\ContentReplaceBehavior [ RunTime:0.000080s ]
INFO: [ template_filter ] --END-- [ RunTime:0.000207s ]
SQL: SELECT * FROM `b_cate` ORDER BY sort  [ RunTime:0.0005s ]
INFO: Run Behavior\ParseTemplateBehavior [ RunTime:0.011097s ]
INFO: [ view_parse ] --END-- [ RunTime:0.011164s ]
INFO: [ view_filter ] --START--
INFO: Run Behavior\WriteHtmlCacheBehavior [ RunTime:0.000320s ]
INFO: [ view_filter ] --END-- [ RunTime:0.000369s ]
INFO: [ app_end ] --START--
INFO: Run Behavior\ShowPageTraceBehavior [ RunTime:0.000410s ]
INFO: [ app_end ] --END-- [ RunTime:0.000457s ]

[ 2017-06-23T20:51:29+08:00 ] 127.0.0.1 /index.php/c_4.html
INFO: [ app_init ] --START--
INFO: Run Behavior\BuildLiteBehavior [ RunTime:0.000015s ]
INFO: [ app_init ] --END-- [ RunTime:0.000338s ]
INFO: [ app_begin ] --START--
INFO: Run Behavior\ReadHtmlCacheBehavior [ RunTime:0.000408s ]
INFO: [ app_begin ] --END-- [ RunTime:0.000464s ]
SQL: SHOW COLUMNS FROM `b_cate` [ RunTime:0.0911s ]
SQL: SELECT * FROM `b_cate` ORDER BY sort ASC  [ RunTime:0.0003s ]
SQL: SHOW COLUMNS FROM `b_blog` [ RunTime:0.3636s ]
SQL: SELECT COUNT(*) AS tp_count FROM `b_blog` WHERE `cid` IN ('10','11','12',4) LIMIT 1   [ RunTime:0.0007s ]
SQL: SHOW COLUMNS FROM `b_blog` [ RunTime:0.0190s ]
SQL: SHOW COLUMNS FROM `b_cate` [ RunTime:0.0053s ]
SQL: SELECT Blog.id AS id,Blog.title AS title,Blog.time AS time,Blog.click AS click,Blog.summary AS summary,Cate.name AS name FROM b_blog Blog LEFT JOIN b_cate Cate ON blog.cid=cate.id WHERE `cid` IN ('10','11','12',4) LIMIT 0,15   [ RunTime:0.0009s ]
INFO: [ view_parse ] --START--
INFO: [ template_filter ] --START--
INFO: Run Behavior\ContentReplaceBehavior [ RunTime:0.000064s ]
INFO: [ template_filter ] --END-- [ RunTime:0.000146s ]
SQL: SELECT * FROM `b_cate` ORDER BY sort  [ RunTime:0.0005s ]
INFO: Run Behavior\ParseTemplateBehavior [ RunTime:0.019880s ]
INFO: [ view_parse ] --END-- [ RunTime:0.019984s ]
INFO: [ view_filter ] --START--
INFO: Run Behavior\WriteHtmlCacheBehavior [ RunTime:0.000280s ]
INFO: [ view_filter ] --END-- [ RunTime:0.000335s ]
INFO: [ app_end ] --START--
INFO: Run Behavior\ShowPageTraceBehavior [ RunTime:0.000464s ]
INFO: [ app_end ] --END-- [ RunTime:0.000529s ]

[ 2017-06-23T20:51:30+08:00 ] 127.0.0.1 /index.php/c_4.html
INFO: [ app_init ] --START--
INFO: Run Behavior\BuildLiteBehavior [ RunTime:0.000063s ]
INFO: [ app_init ] --END-- [ RunTime:0.000392s ]
INFO: [ app_begin ] --START--
INFO: Run Behavior\ReadHtmlCacheBehavior [ RunTime:0.000468s ]
INFO: [ app_begin ] --END-- [ RunTime:0.000534s ]
SQL: SHOW COLUMNS FROM `b_cate` [ RunTime:0.0247s ]
SQL: SELECT * FROM `b_cate` ORDER BY sort ASC  [ RunTime:0.0003s ]
SQL: SHOW COLUMNS FROM `b_blog` [ RunTime:0.0024s ]
SQL: SELECT COUNT(*) AS tp_count FROM `b_blog` WHERE `cid` IN ('10','11','12',4) LIMIT 1   [ RunTime:0.0003s ]
SQL: SHOW COLUMNS FROM `b_blog` [ RunTime:0.0023s ]
SQL: SHOW COLUMNS FROM `b_cate` [ RunTime:0.0556s ]
SQL: SELECT Blog.id AS id,Blog.title AS title,Blog.time AS time,Blog.click AS click,Blog.summary AS summary,Cate.name AS name FROM b_blog Blog LEFT JOIN b_cate Cate ON blog.cid=cate.id WHERE `cid` IN ('10','11','12',4) LIMIT 0,15   [ RunTime:0.0004s ]
INFO: [ view_parse ] --START--
INFO: [ template_filter ] --START--
INFO: Run Behavior\ContentReplaceBehavior [ RunTime:0.000066s ]
INFO: [ template_filter ] --END-- [ RunTime:0.000143s ]
SQL: SELECT * FROM `b_cate` ORDER BY sort  [ RunTime:0.0008s ]
INFO: Run Behavior\ParseTemplateBehavior [ RunTime:0.033460s ]
INFO: [ view_parse ] --END-- [ RunTime:0.033541s ]
INFO: [ view_filter ] --START--
INFO: Run Behavior\WriteHtmlCacheBehavior [ RunTime:0.000304s ]
INFO: [ view_filter ] --END-- [ RunTime:0.000356s ]
INFO: [ app_end ] --START--
INFO: Run Behavior\ShowPageTraceBehavior [ RunTime:0.000425s ]
INFO: [ app_end ] --END-- [ RunTime:0.000478s ]

[ 2017-06-23T20:51:41+08:00 ] 127.0.0.1 /index.php/c_17.html
INFO: [ app_init ] --START--
INFO: Run Behavior\BuildLiteBehavior [ RunTime:0.000026s ]
INFO: [ app_init ] --END-- [ RunTime:0.000567s ]
INFO: [ app_begin ] --START--
INFO: Run Behavior\ReadHtmlCacheBehavior [ RunTime:0.000867s ]
INFO: [ app_begin ] --END-- [ RunTime:0.000999s ]
SQL: SHOW COLUMNS FROM `b_cate` [ RunTime:0.0283s ]
SQL: SELECT * FROM `b_cate` ORDER BY sort ASC  [ RunTime:0.0003s ]
SQL: SHOW COLUMNS FROM `b_blog` [ RunTime:0.0022s ]
SQL: SELECT COUNT(*) AS tp_count FROM `b_blog` WHERE `cid` IN (17) LIMIT 1   [ RunTime:0.0002s ]
SQL: SHOW COLUMNS FROM `b_blog` [ RunTime:0.0020s ]
SQL: SHOW COLUMNS FROM `b_cate` [ RunTime:0.0021s ]
SQL: SELECT Blog.id AS id,Blog.title AS title,Blog.time AS time,Blog.click AS click,Blog.summary AS summary,Cate.name AS name FROM b_blog Blog LEFT JOIN b_cate Cate ON blog.cid=cate.id WHERE `cid` IN (17) LIMIT 0,15   [ RunTime:0.0003s ]
INFO: [ view_parse ] --START--
INFO: [ template_filter ] --START--
INFO: Run Behavior\ContentReplaceBehavior [ RunTime:0.000056s ]
INFO: [ template_filter ] --END-- [ RunTime:0.000120s ]
SQL: SELECT * FROM `b_cate` ORDER BY sort  [ RunTime:0.0005s ]
INFO: Run Behavior\ParseTemplateBehavior [ RunTime:0.012752s ]
INFO: [ view_parse ] --END-- [ RunTime:0.012832s ]
INFO: [ view_filter ] --START--
INFO: Run Behavior\WriteHtmlCacheBehavior [ RunTime:0.000257s ]
INFO: [ view_filter ] --END-- [ RunTime:0.000314s ]
INFO: [ app_end ] --START--
INFO: Run Behavior\ShowPageTraceBehavior [ RunTime:0.000403s ]
INFO: [ app_end ] --END-- [ RunTime:0.000450s ]

[ 2017-06-23T20:51:42+08:00 ] 127.0.0.1 /index.php/c_7.html
INFO: [ app_init ] --START--
INFO: Run Behavior\BuildLiteBehavior [ RunTime:0.000019s ]
INFO: [ app_init ] --END-- [ RunTime:0.000387s ]
INFO: [ app_begin ] --START--
INFO: Run Behavior\ReadHtmlCacheBehavior [ RunTime:0.000605s ]
INFO: [ app_begin ] --END-- [ RunTime:0.000710s ]
SQL: SHOW COLUMNS FROM `b_cate` [ RunTime:0.0496s ]
SQL: SELECT * FROM `b_cate` ORDER BY sort ASC  [ RunTime:0.0004s ]
SQL: SHOW COLUMNS FROM `b_blog` [ RunTime:0.0021s ]
SQL: SELECT COUNT(*) AS tp_count FROM `b_blog` WHERE `cid` IN (7) LIMIT 1   [ RunTime:0.0003s ]
SQL: SHOW COLUMNS FROM `b_blog` [ RunTime:0.0035s ]
SQL: SHOW COLUMNS FROM `b_cate` [ RunTime:0.0023s ]
SQL: SELECT Blog.id AS id,Blog.title AS title,Blog.time AS time,Blog.click AS click,Blog.summary AS summary,Cate.name AS name FROM b_blog Blog LEFT JOIN b_cate Cate ON blog.cid=cate.id WHERE `cid` IN (7) LIMIT 0,15   [ RunTime:0.0004s ]
INFO: [ view_parse ] --START--
INFO: [ template_filter ] --START--
INFO: Run Behavior\ContentReplaceBehavior [ RunTime:0.000081s ]
INFO: [ template_filter ] --END-- [ RunTime:0.000180s ]
SQL: SELECT * FROM `b_cate` ORDER BY sort  [ RunTime:0.0005s ]
INFO: Run Behavior\ParseTemplateBehavior [ RunTime:0.014224s ]
INFO: [ view_parse ] --END-- [ RunTime:0.014287s ]
INFO: [ view_filter ] --START--
INFO: Run Behavior\WriteHtmlCacheBehavior [ RunTime:0.000260s ]
INFO: [ view_filter ] --END-- [ RunTime:0.000308s ]
INFO: [ app_end ] --START--
INFO: Run Behavior\ShowPageTraceBehavior [ RunTime:0.000402s ]
INFO: [ app_end ] --END-- [ RunTime:0.000452s ]

[ 2017-06-23T20:51:44+08:00 ] 127.0.0.1 /index.php/
INFO: [ app_init ] --START--
INFO: Run Behavior\BuildLiteBehavior [ RunTime:0.000018s ]
INFO: [ app_init ] --END-- [ RunTime:0.000320s ]
INFO: [ app_begin ] --START--
INFO: Run Behavior\ReadHtmlCacheBehavior [ RunTime:0.000445s ]
INFO: [ app_begin ] --END-- [ RunTime:0.000510s ]
INFO: [ view_parse ] --START--
INFO: [ template_filter ] --START--
INFO: Run Behavior\ContentReplaceBehavior [ RunTime:0.000087s ]
INFO: [ template_filter ] --END-- [ RunTime:0.000199s ]
SQL: SHOW COLUMNS FROM `b_cate` [ RunTime:0.0706s ]
SQL: SELECT * FROM `b_cate` ORDER BY sort  [ RunTime:0.0003s ]
INFO: Run Behavior\ParseTemplateBehavior [ RunTime:0.108458s ]
INFO: [ view_parse ] --END-- [ RunTime:0.108539s ]
INFO: [ view_filter ] --START--
INFO: Run Behavior\WriteHtmlCacheBehavior [ RunTime:0.000260s ]
INFO: [ view_filter ] --END-- [ RunTime:0.000306s ]
INFO: [ app_end ] --START--
INFO: Run Behavior\ShowPageTraceBehavior [ RunTime:0.000413s ]
INFO: [ app_end ] --END-- [ RunTime:0.000460s ]

