[ 2016-10-05T12:09:45+08:00 ] 127.0.0.1 /admin.php
INFO: [ app_init ] --START--
INFO: Run Behavior\BuildLiteBehavior [ RunTime:0.000021s ]
INFO: [ app_init ] --END-- [ RunTime:0.000582s ]
INFO: [ app_begin ] --START--
INFO: Run Behavior\ReadHtmlCacheBehavior [ RunTime:0.001329s ]
INFO: [ app_begin ] --END-- [ RunTime:0.001554s ]
INFO: [ view_parse ] --START--
INFO: [ template_filter ] --START--
INFO: Run Behavior\ContentReplaceBehavior [ RunTime:0.000043s ]
INFO: [ template_filter ] --END-- [ RunTime:0.000113s ]
INFO: Run Behavior\ParseTemplateBehavior [ RunTime:0.006214s ]
INFO: [ view_parse ] --END-- [ RunTime:0.006315s ]
INFO: [ view_filter ] --START--
INFO: Run Behavior\WriteHtmlCacheBehavior [ RunTime:0.000516s ]
INFO: [ view_filter ] --END-- [ RunTime:0.000574s ]
INFO: [ app_end ] --START--
INFO: Run Behavior\ShowPageTraceBehavior [ RunTime:0.000674s ]
INFO: [ app_end ] --END-- [ RunTime:0.000743s ]

[ 2016-10-05T12:17:21+08:00 ] 127.0.0.1 /admin.php/Admin/lLogin
INFO: [ app_init ] --START--
INFO: Run Behavior\BuildLiteBehavior [ RunTime:0.000019s ]
INFO: [ app_init ] --END-- [ RunTime:0.000473s ]
ERR: 无法加载控制器:Admin

[ 2016-10-05T12:17:53+08:00 ] 127.0.0.1 /admin.php
INFO: [ app_init ] --START--
INFO: Run Behavior\BuildLiteBehavior [ RunTime:0.000016s ]
INFO: [ app_init ] --END-- [ RunTime:0.000426s ]

[ 2016-10-05T12:18:09+08:00 ] 127.0.0.1 /admin.php
INFO: [ app_init ] --START--
INFO: Run Behavior\BuildLiteBehavior [ RunTime:0.000023s ]
INFO: [ app_init ] --END-- [ RunTime:0.000481s ]

[ 2016-10-05T12:18:18+08:00 ] 127.0.0.1 /admin.php
INFO: [ app_init ] --START--
INFO: Run Behavior\BuildLiteBehavior [ RunTime:0.000022s ]
INFO: [ app_init ] --END-- [ RunTime:0.000499s ]

[ 2016-10-05T12:18:47+08:00 ] 127.0.0.1 /admin.php
INFO: [ app_init ] --START--
INFO: Run Behavior\BuildLiteBehavior [ RunTime:0.000015s ]
INFO: [ app_init ] --END-- [ RunTime:0.000328s ]

[ 2016-10-05T12:19:06+08:00 ] 127.0.0.1 /admin.php
INFO: [ app_init ] --START--
INFO: Run Behavior\BuildLiteBehavior [ RunTime:0.000016s ]
INFO: [ app_init ] --END-- [ RunTime:0.000355s ]

[ 2016-10-05T12:19:19+08:00 ] 127.0.0.1 /admin.php
INFO: [ app_init ] --START--
INFO: Run Behavior\BuildLiteBehavior [ RunTime:0.000015s ]
INFO: [ app_init ] --END-- [ RunTime:0.000295s ]

[ 2016-10-05T12:19:40+08:00 ] 127.0.0.1 /admin.php
INFO: [ app_init ] --START--
INFO: Run Behavior\BuildLiteBehavior [ RunTime:0.000017s ]
INFO: [ app_init ] --END-- [ RunTime:0.000416s ]

[ 2016-10-05T12:21:24+08:00 ] 127.0.0.1 /admin.php
INFO: [ app_init ] --START--
INFO: Run Behavior\BuildLiteBehavior [ RunTime:0.000017s ]
INFO: [ app_init ] --END-- [ RunTime:0.000310s ]

[ 2016-10-05T12:44:41+08:00 ] 127.0.0.1 /admin.php
INFO: [ app_init ] --START--
INFO: Run Behavior\BuildLiteBehavior [ RunTime:0.000015s ]
INFO: [ app_init ] --END-- [ RunTime:0.000357s ]

[ 2016-10-05T12:44:41+08:00 ] 127.0.0.1 /admin.php/admin.php/Login/index.html.html
INFO: [ app_init ] --START--
INFO: Run Behavior\BuildLiteBehavior [ RunTime:0.000014s ]
INFO: [ app_init ] --END-- [ RunTime:0.000287s ]
ERR: 无法加载控制器:Admin.php

[ 2016-10-05T12:45:05+08:00 ] 127.0.0.1 /admin.php
INFO: [ app_init ] --START--
INFO: Run Behavior\BuildLiteBehavior [ RunTime:0.000015s ]
INFO: [ app_init ] --END-- [ RunTime:0.000428s ]

[ 2016-10-05T12:45:05+08:00 ] 127.0.0.1 /admin.php/admin.php/Login/index.html.html
INFO: [ app_init ] --START--
INFO: Run Behavior\BuildLiteBehavior [ RunTime:0.000015s ]
INFO: [ app_init ] --END-- [ RunTime:0.000294s ]
ERR: 无法加载控制器:Admin.php

[ 2016-10-05T13:04:58+08:00 ] 127.0.0.1 /admin.php
INFO: [ app_init ] --START--
INFO: Run Behavior\BuildLiteBehavior [ RunTime:0.000019s ]
INFO: [ app_init ] --END-- [ RunTime:0.000466s ]

[ 2016-10-05T13:04:58+08:00 ] 127.0.0.1 /admin.php/admin.php/Login/index.html.html
INFO: [ app_init ] --START--
INFO: Run Behavior\BuildLiteBehavior [ RunTime:0.000015s ]
INFO: [ app_init ] --END-- [ RunTime:0.000304s ]
ERR: 无法加载控制器:Admin.php

[ 2016-10-05T13:08:14+08:00 ] 127.0.0.1 /admin.php/admin.php/Login/index.html.html
INFO: [ app_init ] --START--
INFO: Run Behavior\BuildLiteBehavior [ RunTime:0.000018s ]
INFO: [ app_init ] --END-- [ RunTime:0.000510s ]
ERR: 无法加载控制器:Admin.php

[ 2016-10-05T13:08:15+08:00 ] 127.0.0.1 /admin.php/admin.php/Login/index.html.html
INFO: [ app_init ] --START--
INFO: Run Behavior\BuildLiteBehavior [ RunTime:0.000044s ]
INFO: [ app_init ] --END-- [ RunTime:0.001833s ]
ERR: 无法加载控制器:Admin.php

[ 2016-10-05T13:08:23+08:00 ] 127.0.0.1 /admin.php/admin.php
INFO: [ app_init ] --START--
INFO: Run Behavior\BuildLiteBehavior [ RunTime:0.000014s ]
INFO: [ app_init ] --END-- [ RunTime:0.000329s ]
ERR: 无法加载控制器:Admin.php

[ 2016-10-05T13:09:11+08:00 ] 127.0.0.1 /admin.php/admin.php/Login/index.html.html
INFO: [ app_init ] --START--
INFO: Run Behavior\BuildLiteBehavior [ RunTime:0.000020s ]
INFO: [ app_init ] --END-- [ RunTime:0.000438s ]
ERR: 无法加载控制器:Admin.php

[ 2016-10-05T13:09:17+08:00 ] 127.0.0.1 /admin.php
INFO: [ app_init ] --START--
INFO: Run Behavior\BuildLiteBehavior [ RunTime:0.000019s ]
INFO: [ app_init ] --END-- [ RunTime:0.000426s ]

[ 2016-10-05T13:09:43+08:00 ] 127.0.0.1 /admin.php/admin.php/Login/index.html.html
INFO: [ app_init ] --START--
INFO: Run Behavior\BuildLiteBehavior [ RunTime:0.000015s ]
INFO: [ app_init ] --END-- [ RunTime:0.000327s ]
ERR: 无法加载控制器:Admin.php

[ 2016-10-05T13:10:29+08:00 ] 127.0.0.1 /admin.php
INFO: [ app_init ] --START--
INFO: Run Behavior\BuildLiteBehavior [ RunTime:0.000014s ]
INFO: [ app_init ] --END-- [ RunTime:0.000334s ]

[ 2016-10-05T13:10:55+08:00 ] 127.0.0.1 /admin.php/Admin/Login/verify
INFO: [ app_init ] --START--
INFO: Run Behavior\BuildLiteBehavior [ RunTime:0.000015s ]
INFO: [ app_init ] --END-- [ RunTime:0.000340s ]
ERR: 无法加载控制器:Admin

[ 2016-10-05T13:13:14+08:00 ] 127.0.0.1 /admin.php/Login/verify
INFO: [ app_init ] --START--
INFO: Run Behavior\BuildLiteBehavior [ RunTime:0.000015s ]
INFO: [ app_init ] --END-- [ RunTime:0.000340s ]

[ 2016-10-05T13:13:21+08:00 ] 127.0.0.1 /admin.php/Admin/Login/verify
INFO: [ app_init ] --START--
INFO: Run Behavior\BuildLiteBehavior [ RunTime:0.000023s ]
INFO: [ app_init ] --END-- [ RunTime:0.000451s ]
ERR: 无法加载控制器:Admin

[ 2016-10-05T13:14:40+08:00 ] 127.0.0.1 /admin.php/Admin
INFO: [ app_init ] --START--
INFO: Run Behavior\BuildLiteBehavior [ RunTime:0.000013s ]
INFO: [ app_init ] --END-- [ RunTime:0.000314s ]
ERR: 无法加载控制器:Admin

[ 2016-10-05T13:14:43+08:00 ] 127.0.0.1 /admin.php
INFO: [ app_init ] --START--
INFO: Run Behavior\BuildLiteBehavior [ RunTime:0.000015s ]
INFO: [ app_init ] --END-- [ RunTime:0.000311s ]

[ 2016-10-05T13:14:43+08:00 ] 127.0.0.1 /admin.php/Login/verify.html
INFO: [ app_init ] --START--
INFO: Run Behavior\BuildLiteBehavior [ RunTime:0.000016s ]
INFO: [ app_init ] --END-- [ RunTime:0.000310s ]

[ 2016-10-05T13:16:27+08:00 ] 127.0.0.1 /admin.php
INFO: [ app_init ] --START--
INFO: Run Behavior\BuildLiteBehavior [ RunTime:0.000043s ]
INFO: [ app_init ] --END-- [ RunTime:0.000457s ]

[ 2016-10-05T13:16:27+08:00 ] 127.0.0.1 /admin.php/Login/verify.html
INFO: [ app_init ] --START--
INFO: Run Behavior\BuildLiteBehavior [ RunTime:0.000018s ]
INFO: [ app_init ] --END-- [ RunTime:0.000568s ]

[ 2016-10-05T13:16:45+08:00 ] 127.0.0.1 /admin.php
INFO: [ app_init ] --START--
INFO: Run Behavior\BuildLiteBehavior [ RunTime:0.000014s ]
INFO: [ app_init ] --END-- [ RunTime:0.000274s ]

[ 2016-10-05T13:16:45+08:00 ] 127.0.0.1 /admin.php/Login/verify.html
INFO: [ app_init ] --START--
INFO: Run Behavior\BuildLiteBehavior [ RunTime:0.000021s ]
INFO: [ app_init ] --END-- [ RunTime:0.000430s ]

[ 2016-10-05T13:16:45+08:00 ] 127.0.0.1 /admin.php
INFO: [ app_init ] --START--
INFO: Run Behavior\BuildLiteBehavior [ RunTime:0.000032s ]
INFO: [ app_init ] --END-- [ RunTime:0.000755s ]

[ 2016-10-05T13:16:45+08:00 ] 127.0.0.1 /admin.php/Login/verify.html
INFO: [ app_init ] --START--
INFO: Run Behavior\BuildLiteBehavior [ RunTime:0.000016s ]
INFO: [ app_init ] --END-- [ RunTime:0.000390s ]

[ 2016-10-05T13:18:08+08:00 ] 127.0.0.1 /admin.php/Login/verify.html
INFO: [ app_init ] --START--
INFO: Run Behavior\BuildLiteBehavior [ RunTime:0.000016s ]
INFO: [ app_init ] --END-- [ RunTime:0.000340s ]

[ 2016-10-05T13:18:12+08:00 ] 127.0.0.1 /admin.php
INFO: [ app_init ] --START--
INFO: Run Behavior\BuildLiteBehavior [ RunTime:0.000031s ]
INFO: [ app_init ] --END-- [ RunTime:0.000749s ]

[ 2016-10-05T13:18:12+08:00 ] 127.0.0.1 /admin.php/Login/verify.html
INFO: [ app_init ] --START--
INFO: Run Behavior\BuildLiteBehavior [ RunTime:0.000040s ]
INFO: [ app_init ] --END-- [ RunTime:0.000546s ]

[ 2016-10-05T13:18:13+08:00 ] 127.0.0.1 /admin.php
INFO: [ app_init ] --START--
INFO: Run Behavior\BuildLiteBehavior [ RunTime:0.000041s ]
INFO: [ app_init ] --END-- [ RunTime:0.000811s ]

[ 2016-10-05T13:18:13+08:00 ] 127.0.0.1 /admin.php/Login/verify.html
INFO: [ app_init ] --START--
INFO: Run Behavior\BuildLiteBehavior [ RunTime:0.000014s ]
INFO: [ app_init ] --END-- [ RunTime:0.000312s ]

[ 2016-10-05T13:18:13+08:00 ] 127.0.0.1 /admin.php
INFO: [ app_init ] --START--
INFO: Run Behavior\BuildLiteBehavior [ RunTime:0.000017s ]
INFO: [ app_init ] --END-- [ RunTime:0.000382s ]

[ 2016-10-05T13:18:13+08:00 ] 127.0.0.1 /admin.php/Login/verify.html
INFO: [ app_init ] --START--
INFO: Run Behavior\BuildLiteBehavior [ RunTime:0.000041s ]
INFO: [ app_init ] --END-- [ RunTime:0.000452s ]

[ 2016-10-05T13:18:13+08:00 ] 127.0.0.1 /admin.php
INFO: [ app_init ] --START--
INFO: Run Behavior\BuildLiteBehavior [ RunTime:0.000032s ]
INFO: [ app_init ] --END-- [ RunTime:0.000728s ]

[ 2016-10-05T13:18:13+08:00 ] 127.0.0.1 /admin.php/Login/verify.html
INFO: [ app_init ] --START--
INFO: Run Behavior\BuildLiteBehavior [ RunTime:0.000014s ]
INFO: [ app_init ] --END-- [ RunTime:0.000315s ]

[ 2016-10-05T13:18:33+08:00 ] 127.0.0.1 /admin.php
INFO: [ app_init ] --START--
INFO: Run Behavior\BuildLiteBehavior [ RunTime:0.000031s ]
INFO: [ app_init ] --END-- [ RunTime:0.000940s ]

[ 2016-10-05T13:18:33+08:00 ] 127.0.0.1 /admin.php/Login/verify.html
INFO: [ app_init ] --START--
INFO: Run Behavior\BuildLiteBehavior [ RunTime:0.000019s ]
INFO: [ app_init ] --END-- [ RunTime:0.000776s ]

[ 2016-10-05T13:20:06+08:00 ] 127.0.0.1 /admin.php
INFO: [ app_init ] --START--
INFO: Run Behavior\BuildLiteBehavior [ RunTime:0.000044s ]
INFO: [ app_init ] --END-- [ RunTime:0.000924s ]

[ 2016-10-05T13:20:06+08:00 ] 127.0.0.1 /admin.php/Login/verify.html
INFO: [ app_init ] --START--
INFO: Run Behavior\BuildLiteBehavior [ RunTime:0.000015s ]
INFO: [ app_init ] --END-- [ RunTime:0.000341s ]

[ 2016-10-05T13:20:09+08:00 ] 127.0.0.1 /admin.php
INFO: [ app_init ] --START--
INFO: Run Behavior\BuildLiteBehavior [ RunTime:0.000031s ]
INFO: [ app_init ] --END-- [ RunTime:0.000736s ]

[ 2016-10-05T13:20:09+08:00 ] 127.0.0.1 /admin.php/Login/verify.html
INFO: [ app_init ] --START--
INFO: Run Behavior\BuildLiteBehavior [ RunTime:0.000016s ]
INFO: [ app_init ] --END-- [ RunTime:0.000359s ]

[ 2016-10-05T13:20:10+08:00 ] 127.0.0.1 /admin.php
INFO: [ app_init ] --START--
INFO: Run Behavior\BuildLiteBehavior [ RunTime:0.000018s ]
INFO: [ app_init ] --END-- [ RunTime:0.000445s ]

[ 2016-10-05T13:20:10+08:00 ] 127.0.0.1 /admin.php/Login/verify.html
INFO: [ app_init ] --START--
INFO: Run Behavior\BuildLiteBehavior [ RunTime:0.000018s ]
INFO: [ app_init ] --END-- [ RunTime:0.000368s ]

[ 2016-10-05T13:20:50+08:00 ] 127.0.0.1 /admin.php
INFO: [ app_init ] --START--
INFO: Run Behavior\BuildLiteBehavior [ RunTime:0.000020s ]
INFO: [ app_init ] --END-- [ RunTime:0.000697s ]

[ 2016-10-05T13:20:50+08:00 ] 127.0.0.1 /admin.php/Login/verify.html
INFO: [ app_init ] --START--
INFO: Run Behavior\BuildLiteBehavior [ RunTime:0.000017s ]
INFO: [ app_init ] --END-- [ RunTime:0.000402s ]

[ 2016-10-05T13:20:51+08:00 ] 127.0.0.1 /admin.php
INFO: [ app_init ] --START--
INFO: Run Behavior\BuildLiteBehavior [ RunTime:0.000031s ]
INFO: [ app_init ] --END-- [ RunTime:0.000764s ]

[ 2016-10-05T13:20:51+08:00 ] 127.0.0.1 /admin.php/Login/verify.html
INFO: [ app_init ] --START--
INFO: Run Behavior\BuildLiteBehavior [ RunTime:0.000022s ]
INFO: [ app_init ] --END-- [ RunTime:0.000393s ]

[ 2016-10-05T13:21:25+08:00 ] 127.0.0.1 /admin.php
INFO: [ app_init ] --START--
INFO: Run Behavior\BuildLiteBehavior [ RunTime:0.000018s ]
INFO: [ app_init ] --END-- [ RunTime:0.000389s ]

[ 2016-10-05T13:21:25+08:00 ] 127.0.0.1 /admin.php/Login/verify.html
INFO: [ app_init ] --START--
INFO: Run Behavior\BuildLiteBehavior [ RunTime:0.000050s ]
INFO: [ app_init ] --END-- [ RunTime:0.000575s ]

[ 2016-10-05T13:22:14+08:00 ] 127.0.0.1 /admin.php
INFO: [ app_init ] --START--
INFO: Run Behavior\BuildLiteBehavior [ RunTime:0.000014s ]
INFO: [ app_init ] --END-- [ RunTime:0.000537s ]

[ 2016-10-05T13:22:14+08:00 ] 127.0.0.1 /admin.php/Login/verify.html
INFO: [ app_init ] --START--
INFO: Run Behavior\BuildLiteBehavior [ RunTime:0.000016s ]
INFO: [ app_init ] --END-- [ RunTime:0.000298s ]

[ 2016-10-05T13:22:15+08:00 ] 127.0.0.1 /admin.php
INFO: [ app_init ] --START--
INFO: Run Behavior\BuildLiteBehavior [ RunTime:0.000031s ]
INFO: [ app_init ] --END-- [ RunTime:0.000736s ]

[ 2016-10-05T13:22:15+08:00 ] 127.0.0.1 /admin.php/Login/verify.html
INFO: [ app_init ] --START--
INFO: Run Behavior\BuildLiteBehavior [ RunTime:0.000014s ]
INFO: [ app_init ] --END-- [ RunTime:0.000300s ]

[ 2016-10-05T13:22:31+08:00 ] 127.0.0.1 /admin.php
INFO: [ app_init ] --START--
INFO: Run Behavior\BuildLiteBehavior [ RunTime:0.000021s ]
INFO: [ app_init ] --END-- [ RunTime:0.000497s ]

[ 2016-10-05T13:22:32+08:00 ] 127.0.0.1 /admin.php/Login/verify.html
INFO: [ app_init ] --START--
INFO: Run Behavior\BuildLiteBehavior [ RunTime:0.000015s ]
INFO: [ app_init ] --END-- [ RunTime:0.000303s ]

[ 2016-10-05T13:22:32+08:00 ] 127.0.0.1 /admin.php
INFO: [ app_init ] --START--
INFO: Run Behavior\BuildLiteBehavior [ RunTime:0.000015s ]
INFO: [ app_init ] --END-- [ RunTime:0.000308s ]

[ 2016-10-05T13:22:32+08:00 ] 127.0.0.1 /admin.php/Login/verify.html
INFO: [ app_init ] --START--
INFO: Run Behavior\BuildLiteBehavior [ RunTime:0.000016s ]
INFO: [ app_init ] --END-- [ RunTime:0.000306s ]

[ 2016-10-05T13:22:32+08:00 ] 127.0.0.1 /admin.php
INFO: [ app_init ] --START--
INFO: Run Behavior\BuildLiteBehavior [ RunTime:0.000015s ]
INFO: [ app_init ] --END-- [ RunTime:0.000298s ]

[ 2016-10-05T13:22:32+08:00 ] 127.0.0.1 /admin.php/Login/verify.html
INFO: [ app_init ] --START--
INFO: Run Behavior\BuildLiteBehavior [ RunTime:0.000022s ]
INFO: [ app_init ] --END-- [ RunTime:0.000603s ]

[ 2016-10-05T13:22:32+08:00 ] 127.0.0.1 /admin.php
INFO: [ app_init ] --START--
INFO: Run Behavior\BuildLiteBehavior [ RunTime:0.000013s ]
INFO: [ app_init ] --END-- [ RunTime:0.000330s ]

[ 2016-10-05T13:22:32+08:00 ] 127.0.0.1 /admin.php/Login/verify.html
INFO: [ app_init ] --START--
INFO: Run Behavior\BuildLiteBehavior [ RunTime:0.000015s ]
INFO: [ app_init ] --END-- [ RunTime:0.000297s ]

[ 2016-10-05T13:22:32+08:00 ] 127.0.0.1 /admin.php
INFO: [ app_init ] --START--
INFO: Run Behavior\BuildLiteBehavior [ RunTime:0.000015s ]
INFO: [ app_init ] --END-- [ RunTime:0.000299s ]

[ 2016-10-05T13:22:33+08:00 ] 127.0.0.1 /admin.php/Login/verify.html
INFO: [ app_init ] --START--
INFO: Run Behavior\BuildLiteBehavior [ RunTime:0.000015s ]
INFO: [ app_init ] --END-- [ RunTime:0.000327s ]

[ 2016-10-05T13:22:33+08:00 ] 127.0.0.1 /admin.php
INFO: [ app_init ] --START--
INFO: Run Behavior\BuildLiteBehavior [ RunTime:0.000016s ]
INFO: [ app_init ] --END-- [ RunTime:0.000315s ]

[ 2016-10-05T13:22:33+08:00 ] 127.0.0.1 /admin.php/Login/verify.html
INFO: [ app_init ] --START--
INFO: Run Behavior\BuildLiteBehavior [ RunTime:0.000016s ]
INFO: [ app_init ] --END-- [ RunTime:0.000307s ]

[ 2016-10-05T13:22:33+08:00 ] 127.0.0.1 /admin.php
INFO: [ app_init ] --START--
INFO: Run Behavior\BuildLiteBehavior [ RunTime:0.000017s ]
INFO: [ app_init ] --END-- [ RunTime:0.000329s ]

[ 2016-10-05T13:22:33+08:00 ] 127.0.0.1 /admin.php/Login/verify.html
INFO: [ app_init ] --START--
INFO: Run Behavior\BuildLiteBehavior [ RunTime:0.000015s ]
INFO: [ app_init ] --END-- [ RunTime:0.000298s ]

[ 2016-10-05T13:23:15+08:00 ] 127.0.0.1 /admin.php
INFO: [ app_init ] --START--
INFO: Run Behavior\BuildLiteBehavior [ RunTime:0.000019s ]
INFO: [ app_init ] --END-- [ RunTime:0.000596s ]

[ 2016-10-05T13:23:16+08:00 ] 127.0.0.1 /admin.php/Login/verify.html
INFO: [ app_init ] --START--
INFO: Run Behavior\BuildLiteBehavior [ RunTime:0.000022s ]
INFO: [ app_init ] --END-- [ RunTime:0.000477s ]

[ 2016-10-05T13:23:16+08:00 ] 127.0.0.1 /admin.php
INFO: [ app_init ] --START--
INFO: Run Behavior\BuildLiteBehavior [ RunTime:0.000015s ]
INFO: [ app_init ] --END-- [ RunTime:0.000310s ]

[ 2016-10-05T13:23:16+08:00 ] 127.0.0.1 /admin.php/Login/verify.html
INFO: [ app_init ] --START--
INFO: Run Behavior\BuildLiteBehavior [ RunTime:0.000016s ]
INFO: [ app_init ] --END-- [ RunTime:0.000319s ]

[ 2016-10-05T13:24:24+08:00 ] 127.0.0.1 /admin.php
INFO: [ app_init ] --START--
INFO: Run Behavior\BuildLiteBehavior [ RunTime:0.000014s ]
INFO: [ app_init ] --END-- [ RunTime:0.000339s ]

[ 2016-10-05T13:24:24+08:00 ] 127.0.0.1 /admin.php/Login/verify.html
INFO: [ app_init ] --START--
INFO: Run Behavior\BuildLiteBehavior [ RunTime:0.000016s ]
INFO: [ app_init ] --END-- [ RunTime:0.000325s ]

[ 2016-10-05T13:24:25+08:00 ] 127.0.0.1 /admin.php
INFO: [ app_init ] --START--
INFO: Run Behavior\BuildLiteBehavior [ RunTime:0.000018s ]
INFO: [ app_init ] --END-- [ RunTime:0.000455s ]

[ 2016-10-05T13:24:25+08:00 ] 127.0.0.1 /admin.php/Login/verify.html
INFO: [ app_init ] --START--
INFO: Run Behavior\BuildLiteBehavior [ RunTime:0.000021s ]
INFO: [ app_init ] --END-- [ RunTime:0.000499s ]

[ 2016-10-05T13:24:25+08:00 ] 127.0.0.1 /admin.php
INFO: [ app_init ] --START--
INFO: Run Behavior\BuildLiteBehavior [ RunTime:0.000020s ]
INFO: [ app_init ] --END-- [ RunTime:0.000504s ]

[ 2016-10-05T13:24:25+08:00 ] 127.0.0.1 /admin.php/Login/verify.html
INFO: [ app_init ] --START--
INFO: Run Behavior\BuildLiteBehavior [ RunTime:0.000015s ]
INFO: [ app_init ] --END-- [ RunTime:0.000314s ]

[ 2016-10-05T13:24:25+08:00 ] 127.0.0.1 /admin.php
INFO: [ app_init ] --START--
INFO: Run Behavior\BuildLiteBehavior [ RunTime:0.000027s ]
INFO: [ app_init ] --END-- [ RunTime:0.000476s ]

[ 2016-10-05T13:24:26+08:00 ] 127.0.0.1 /admin.php/Login/verify.html
INFO: [ app_init ] --START--
INFO: Run Behavior\BuildLiteBehavior [ RunTime:0.000016s ]
INFO: [ app_init ] --END-- [ RunTime:0.000325s ]

[ 2016-10-05T13:24:29+08:00 ] 127.0.0.1 /admin.php
INFO: [ app_init ] --START--
INFO: Run Behavior\BuildLiteBehavior [ RunTime:0.000043s ]
INFO: [ app_init ] --END-- [ RunTime:0.000422s ]

[ 2016-10-05T13:24:29+08:00 ] 127.0.0.1 /admin.php/Login/verify.html
INFO: [ app_init ] --START--
INFO: Run Behavior\BuildLiteBehavior [ RunTime:0.000015s ]
INFO: [ app_init ] --END-- [ RunTime:0.000305s ]

[ 2016-10-05T13:25:26+08:00 ] 127.0.0.1 /admin.php
INFO: [ app_init ] --START--
INFO: Run Behavior\BuildLiteBehavior [ RunTime:0.000020s ]
INFO: [ app_init ] --END-- [ RunTime:0.000472s ]

[ 2016-10-05T13:25:26+08:00 ] 127.0.0.1 /admin.php/Login/verify.html
INFO: [ app_init ] --START--
INFO: Run Behavior\BuildLiteBehavior [ RunTime:0.000025s ]
INFO: [ app_init ] --END-- [ RunTime:0.000537s ]

[ 2016-10-05T13:25:28+08:00 ] 127.0.0.1 /admin.php/Admin/Login/verify/0.38963644392857233
INFO: [ app_init ] --START--
INFO: Run Behavior\BuildLiteBehavior [ RunTime:0.000017s ]
INFO: [ app_init ] --END-- [ RunTime:0.000452s ]
ERR: 无法加载控制器:Admin

[ 2016-10-05T13:25:40+08:00 ] 127.0.0.1 /admin.php
INFO: [ app_init ] --START--
INFO: Run Behavior\BuildLiteBehavior [ RunTime:0.000018s ]
INFO: [ app_init ] --END-- [ RunTime:0.000527s ]

[ 2016-10-05T13:25:40+08:00 ] 127.0.0.1 /admin.php/Login/verify.html
INFO: [ app_init ] --START--
INFO: Run Behavior\BuildLiteBehavior [ RunTime:0.000015s ]
INFO: [ app_init ] --END-- [ RunTime:0.000319s ]

[ 2016-10-05T13:25:41+08:00 ] 127.0.0.1 /admin.php/Login/verify/0.6585055557026989
INFO: [ app_init ] --START--
INFO: Run Behavior\BuildLiteBehavior [ RunTime:0.000020s ]
INFO: [ app_init ] --END-- [ RunTime:0.000450s ]

[ 2016-10-05T13:25:42+08:00 ] 127.0.0.1 /admin.php/Login/verify/0.8157259228006541
INFO: [ app_init ] --START--
INFO: Run Behavior\BuildLiteBehavior [ RunTime:0.000019s ]
INFO: [ app_init ] --END-- [ RunTime:0.000402s ]

[ 2016-10-05T13:25:43+08:00 ] 127.0.0.1 /admin.php/Login/verify/0.38283835217803
INFO: [ app_init ] --START--
INFO: Run Behavior\BuildLiteBehavior [ RunTime:0.000013s ]
INFO: [ app_init ] --END-- [ RunTime:0.000272s ]

[ 2016-10-05T13:25:44+08:00 ] 127.0.0.1 /admin.php/Login/verify/0.4301205551335223
INFO: [ app_init ] --START--
INFO: Run Behavior\BuildLiteBehavior [ RunTime:0.000031s ]
INFO: [ app_init ] --END-- [ RunTime:0.000731s ]

[ 2016-10-05T13:25:44+08:00 ] 127.0.0.1 /admin.php/Login/verify/0.42008565146758003
INFO: [ app_init ] --START--
INFO: Run Behavior\BuildLiteBehavior [ RunTime:0.000031s ]
INFO: [ app_init ] --END-- [ RunTime:0.000755s ]

[ 2016-10-05T13:27:09+08:00 ] 127.0.0.1 /admin.php
INFO: [ app_init ] --START--
INFO: Run Behavior\BuildLiteBehavior [ RunTime:0.000017s ]
INFO: [ app_init ] --END-- [ RunTime:0.000345s ]

[ 2016-10-05T13:27:10+08:00 ] 127.0.0.1 /admin.php/Login/verify.html
INFO: [ app_init ] --START--
INFO: Run Behavior\BuildLiteBehavior [ RunTime:0.000015s ]
INFO: [ app_init ] --END-- [ RunTime:0.000312s ]

[ 2016-10-05T13:27:11+08:00 ] 127.0.0.1 /admin.php/Login/verify/0.8078331642396475
INFO: [ app_init ] --START--
INFO: Run Behavior\BuildLiteBehavior [ RunTime:0.000019s ]
INFO: [ app_init ] --END-- [ RunTime:0.000412s ]

[ 2016-10-05T13:27:11+08:00 ] 127.0.0.1 /admin.php/Login/verify/0.11228417329306484
INFO: [ app_init ] --START--
INFO: Run Behavior\BuildLiteBehavior [ RunTime:0.000017s ]
INFO: [ app_init ] --END-- [ RunTime:0.000409s ]

[ 2016-10-05T13:27:12+08:00 ] 127.0.0.1 /admin.php/Login/verify/0.5619997635655862
INFO: [ app_init ] --START--
INFO: Run Behavior\BuildLiteBehavior [ RunTime:0.000026s ]
INFO: [ app_init ] --END-- [ RunTime:0.000756s ]

[ 2016-10-05T13:27:13+08:00 ] 127.0.0.1 /admin.php/Login/verify/0.7769973200275392
INFO: [ app_init ] --START--
INFO: Run Behavior\BuildLiteBehavior [ RunTime:0.000015s ]
INFO: [ app_init ] --END-- [ RunTime:0.000290s ]

[ 2016-10-05T13:27:13+08:00 ] 127.0.0.1 /admin.php/Login/verify/0.9280095444532153
INFO: [ app_init ] --START--
INFO: Run Behavior\BuildLiteBehavior [ RunTime:0.000028s ]
INFO: [ app_init ] --END-- [ RunTime:0.000695s ]

[ 2016-10-05T13:27:14+08:00 ] 127.0.0.1 /admin.php/Login/verify/0.08994391750296615
INFO: [ app_init ] --START--
INFO: Run Behavior\BuildLiteBehavior [ RunTime:0.000020s ]
INFO: [ app_init ] --END-- [ RunTime:0.000571s ]

[ 2016-10-05T13:27:14+08:00 ] 127.0.0.1 /admin.php/Login/verify/0.42761850250948974
INFO: [ app_init ] --START--
INFO: Run Behavior\BuildLiteBehavior [ RunTime:0.000014s ]
INFO: [ app_init ] --END-- [ RunTime:0.000312s ]

[ 2016-10-05T13:27:18+08:00 ] 127.0.0.1 /admin.php/Login/verify/0.09541051878293838
INFO: [ app_init ] --START--
INFO: Run Behavior\BuildLiteBehavior [ RunTime:0.000013s ]
INFO: [ app_init ] --END-- [ RunTime:0.000290s ]

[ 2016-10-05T13:27:20+08:00 ] 127.0.0.1 /admin.php/Login/verify/0.5027483467268435
INFO: [ app_init ] --START--
INFO: Run Behavior\BuildLiteBehavior [ RunTime:0.000016s ]
INFO: [ app_init ] --END-- [ RunTime:0.000339s ]

[ 2016-10-05T13:27:22+08:00 ] 127.0.0.1 /admin.php/Login/verify/0.9674736418237386
INFO: [ app_init ] --START--
INFO: Run Behavior\BuildLiteBehavior [ RunTime:0.000016s ]
INFO: [ app_init ] --END-- [ RunTime:0.000374s ]

[ 2016-10-05T13:30:59+08:00 ] 127.0.0.1 /admin.php
INFO: [ app_init ] --START--
INFO: Run Behavior\BuildLiteBehavior [ RunTime:0.000024s ]
INFO: [ app_init ] --END-- [ RunTime:0.000461s ]

[ 2016-10-05T13:30:59+08:00 ] 127.0.0.1 /admin.php/Login/verify.html
INFO: [ app_init ] --START--
INFO: Run Behavior\BuildLiteBehavior [ RunTime:0.000031s ]
INFO: [ app_init ] --END-- [ RunTime:0.001170s ]

[ 2016-10-05T13:31:00+08:00 ] 127.0.0.1 /admin.php
INFO: [ app_init ] --START--
INFO: Run Behavior\BuildLiteBehavior [ RunTime:0.000031s ]
INFO: [ app_init ] --END-- [ RunTime:0.000719s ]

[ 2016-10-05T13:31:00+08:00 ] 127.0.0.1 /admin.php/Login/verify.html
INFO: [ app_init ] --START--
INFO: Run Behavior\BuildLiteBehavior [ RunTime:0.000020s ]
INFO: [ app_init ] --END-- [ RunTime:0.000393s ]

[ 2016-10-05T13:31:02+08:00 ] 127.0.0.1 /admin.php/Login/verify/0.3233587245233873
INFO: [ app_init ] --START--
INFO: Run Behavior\BuildLiteBehavior [ RunTime:0.000017s ]
INFO: [ app_init ] --END-- [ RunTime:0.000682s ]

[ 2016-10-05T13:31:03+08:00 ] 127.0.0.1 /admin.php/Login/verify/0.7900715829693667
INFO: [ app_init ] --START--
INFO: Run Behavior\BuildLiteBehavior [ RunTime:0.000030s ]
INFO: [ app_init ] --END-- [ RunTime:0.000685s ]

[ 2016-10-05T13:31:04+08:00 ] 127.0.0.1 /admin.php/Login/verify/0.8685069355178077
INFO: [ app_init ] --START--
INFO: Run Behavior\BuildLiteBehavior [ RunTime:0.000018s ]
INFO: [ app_init ] --END-- [ RunTime:0.000401s ]

[ 2016-10-05T13:31:06+08:00 ] 127.0.0.1 /admin.php/Login/verify/0.25137429712411063
INFO: [ app_init ] --START--
INFO: Run Behavior\BuildLiteBehavior [ RunTime:0.000015s ]
INFO: [ app_init ] --END-- [ RunTime:0.000285s ]

[ 2016-10-05T13:31:20+08:00 ] 127.0.0.1 /admin.php/Login/login.html
INFO: [ app_init ] --START--
INFO: Run Behavior\BuildLiteBehavior [ RunTime:0.000014s ]
INFO: [ app_init ] --END-- [ RunTime:0.000304s ]

[ 2016-10-05T13:31:20+08:00 ] 127.0.0.1 /admin.php/admin.php/Index/index.html.html
INFO: [ app_init ] --START--
INFO: Run Behavior\BuildLiteBehavior [ RunTime:0.000031s ]
INFO: [ app_init ] --END-- [ RunTime:0.000700s ]
ERR: 无法加载控制器:Admin.php

[ 2016-10-05T13:34:11+08:00 ] 127.0.0.1 /admin.php
INFO: [ app_init ] --START--
INFO: Run Behavior\BuildLiteBehavior [ RunTime:0.000014s ]
INFO: [ app_init ] --END-- [ RunTime:0.000302s ]

[ 2016-10-05T13:34:12+08:00 ] 127.0.0.1 /admin.php/Login/verify.html
INFO: [ app_init ] --START--
INFO: Run Behavior\BuildLiteBehavior [ RunTime:0.000017s ]
INFO: [ app_init ] --END-- [ RunTime:0.000368s ]

[ 2016-10-05T13:34:23+08:00 ] 127.0.0.1 /admin.php/Login/verify/0.7519229563167846
INFO: [ app_init ] --START--
INFO: Run Behavior\BuildLiteBehavior [ RunTime:0.000016s ]
INFO: [ app_init ] --END-- [ RunTime:0.000467s ]

[ 2016-10-05T13:34:24+08:00 ] 127.0.0.1 /admin.php/Login/verify/0.11557515069566748
INFO: [ app_init ] --START--
INFO: Run Behavior\BuildLiteBehavior [ RunTime:0.000030s ]
INFO: [ app_init ] --END-- [ RunTime:0.000799s ]

[ 2016-10-05T13:34:25+08:00 ] 127.0.0.1 /admin.php/Login/verify/0.2900672594869398
INFO: [ app_init ] --START--
INFO: Run Behavior\BuildLiteBehavior [ RunTime:0.000051s ]
INFO: [ app_init ] --END-- [ RunTime:0.000691s ]

[ 2016-10-05T13:34:33+08:00 ] 127.0.0.1 /admin.php/Login/login.html
INFO: [ app_init ] --START--
INFO: Run Behavior\BuildLiteBehavior [ RunTime:0.000014s ]
INFO: [ app_init ] --END-- [ RunTime:0.000318s ]

[ 2016-10-05T13:34:33+08:00 ] 127.0.0.1 /admin.php/admin.php/Index/index.html.html
INFO: [ app_init ] --START--
INFO: Run Behavior\BuildLiteBehavior [ RunTime:0.000014s ]
INFO: [ app_init ] --END-- [ RunTime:0.000299s ]
ERR: 无法加载控制器:Admin.php

[ 2016-10-05T13:35:15+08:00 ] 127.0.0.1 /admin.php
INFO: [ app_init ] --START--
INFO: Run Behavior\BuildLiteBehavior [ RunTime:0.000022s ]
INFO: [ app_init ] --END-- [ RunTime:0.000468s ]

[ 2016-10-05T13:35:15+08:00 ] 127.0.0.1 /admin.php/Login/verify.html
INFO: [ app_init ] --START--
INFO: Run Behavior\BuildLiteBehavior [ RunTime:0.000022s ]
INFO: [ app_init ] --END-- [ RunTime:0.000456s ]

[ 2016-10-05T13:35:37+08:00 ] 127.0.0.1 /admin.php/Login/login.html
INFO: [ app_init ] --START--
INFO: Run Behavior\BuildLiteBehavior [ RunTime:0.000015s ]
INFO: [ app_init ] --END-- [ RunTime:0.000336s ]

[ 2016-10-05T13:35:37+08:00 ] 127.0.0.1 /admin.php/admin.php/Index/index.html.html
INFO: [ app_init ] --START--
INFO: Run Behavior\BuildLiteBehavior [ RunTime:0.000031s ]
INFO: [ app_init ] --END-- [ RunTime:0.000692s ]
ERR: 无法加载控制器:Admin.php

[ 2016-10-05T13:36:13+08:00 ] 127.0.0.1 /admin.php
INFO: [ app_init ] --START--
INFO: Run Behavior\BuildLiteBehavior [ RunTime:0.000013s ]
INFO: [ app_init ] --END-- [ RunTime:0.000270s ]

[ 2016-10-05T13:36:13+08:00 ] 127.0.0.1 /admin.php/Login/verify.html
INFO: [ app_init ] --START--
INFO: Run Behavior\BuildLiteBehavior [ RunTime:0.000015s ]
INFO: [ app_init ] --END-- [ RunTime:0.000325s ]

[ 2016-10-05T13:36:24+08:00 ] 127.0.0.1 /admin.php/Login/login.html
INFO: [ app_init ] --START--
INFO: Run Behavior\BuildLiteBehavior [ RunTime:0.000014s ]
INFO: [ app_init ] --END-- [ RunTime:0.000393s ]

[ 2016-10-05T13:36:24+08:00 ] 127.0.0.1 /admin.php/admin.php/Index/index.html.html
INFO: [ app_init ] --START--
INFO: Run Behavior\BuildLiteBehavior [ RunTime:0.000029s ]
INFO: [ app_init ] --END-- [ RunTime:0.000310s ]
ERR: 无法加载控制器:Admin.php

[ 2016-10-05T13:37:02+08:00 ] 127.0.0.1 /admin.php/admin.php/Index/index.html.html
INFO: [ app_init ] --START--
INFO: Run Behavior\BuildLiteBehavior [ RunTime:0.000014s ]
INFO: [ app_init ] --END-- [ RunTime:0.000499s ]
ERR: 无法加载控制器:Admin.php

[ 2016-10-05T13:37:10+08:00 ] 127.0.0.1 /admin.php
INFO: [ app_init ] --START--
INFO: Run Behavior\BuildLiteBehavior [ RunTime:0.000018s ]
INFO: [ app_init ] --END-- [ RunTime:0.000401s ]

[ 2016-10-05T13:37:23+08:00 ] 127.0.0.1 /admin.php/Blog/index.html
INFO: [ app_init ] --START--
INFO: Run Behavior\BuildLiteBehavior [ RunTime:0.000017s ]
INFO: [ app_init ] --END-- [ RunTime:0.000386s ]

[ 2016-10-05T13:37:30+08:00 ] 127.0.0.1 /admin.php/Blog/blog.html
INFO: [ app_init ] --START--
INFO: Run Behavior\BuildLiteBehavior [ RunTime:0.000017s ]
INFO: [ app_init ] --END-- [ RunTime:0.000329s ]

[ 2016-10-05T13:37:35+08:00 ] 127.0.0.1 /admin.php/Blog/trach.html
INFO: [ app_init ] --START--
INFO: Run Behavior\BuildLiteBehavior [ RunTime:0.000015s ]
INFO: [ app_init ] --END-- [ RunTime:0.000305s ]

[ 2016-10-05T13:37:44+08:00 ] 127.0.0.1 /admin.php/Attribute/index.html
INFO: [ app_init ] --START--
INFO: Run Behavior\BuildLiteBehavior [ RunTime:0.000013s ]
INFO: [ app_init ] --END-- [ RunTime:0.000280s ]

[ 2016-10-05T13:37:46+08:00 ] 127.0.0.1 /admin.php/Attribute/addAttr.html
INFO: [ app_init ] --START--
INFO: Run Behavior\BuildLiteBehavior [ RunTime:0.000018s ]
INFO: [ app_init ] --END-- [ RunTime:0.000390s ]

[ 2016-10-05T13:37:48+08:00 ] 127.0.0.1 /admin.php/Category/index.html
INFO: [ app_init ] --START--
INFO: Run Behavior\BuildLiteBehavior [ RunTime:0.000015s ]
INFO: [ app_init ] --END-- [ RunTime:0.000296s ]

[ 2016-10-05T13:37:55+08:00 ] 127.0.0.1 /admin.php/Category/addCate.html
INFO: [ app_init ] --START--
INFO: Run Behavior\BuildLiteBehavior [ RunTime:0.000032s ]
INFO: [ app_init ] --END-- [ RunTime:0.000690s ]

[ 2016-10-05T13:37:57+08:00 ] 127.0.0.1 /admin.php/System/verify.html
INFO: [ app_init ] --START--
INFO: Run Behavior\BuildLiteBehavior [ RunTime:0.000016s ]
INFO: [ app_init ] --END-- [ RunTime:0.000344s ]

[ 2016-10-05T13:39:14+08:00 ] 127.0.0.1 /admin.php
INFO: [ app_init ] --START--
INFO: Run Behavior\BuildLiteBehavior [ RunTime:0.000030s ]
INFO: [ app_init ] --END-- [ RunTime:0.000321s ]

[ 2016-10-05T13:39:14+08:00 ] 127.0.0.1 /admin.php/admin.php/Login/index.html.html
INFO: [ app_init ] --START--
INFO: Run Behavior\BuildLiteBehavior [ RunTime:0.000013s ]
INFO: [ app_init ] --END-- [ RunTime:0.000287s ]
ERR: 无法加载控制器:Admin.php

[ 2016-10-05T13:49:29+08:00 ] 127.0.0.1 /admin.php
INFO: [ app_init ] --START--
INFO: Run Behavior\BuildLiteBehavior [ RunTime:0.000014s ]
INFO: [ app_init ] --END-- [ RunTime:0.000334s ]

[ 2016-10-05T13:49:29+08:00 ] 127.0.0.1 /admin.php/Login/verify.html
INFO: [ app_init ] --START--
INFO: Run Behavior\BuildLiteBehavior [ RunTime:0.000015s ]
INFO: [ app_init ] --END-- [ RunTime:0.000303s ]

[ 2016-10-05T13:49:51+08:00 ] 127.0.0.1 /admin.php/Login/login.html
INFO: [ app_init ] --START--
INFO: Run Behavior\BuildLiteBehavior [ RunTime:0.000019s ]
INFO: [ app_init ] --END-- [ RunTime:0.000723s ]

[ 2016-10-05T13:49:51+08:00 ] 127.0.0.1 /admin.php/admin.php/Index/index.html.html
INFO: [ app_init ] --START--
INFO: Run Behavior\BuildLiteBehavior [ RunTime:0.000016s ]
INFO: [ app_init ] --END-- [ RunTime:0.000340s ]
ERR: 无法加载控制器:Admin.php

[ 2016-10-05T13:54:18+08:00 ] 127.0.0.1 /admin.php
INFO: [ app_init ] --START--
INFO: Run Behavior\BuildLiteBehavior [ RunTime:0.000014s ]
INFO: [ app_init ] --END-- [ RunTime:0.000337s ]

[ 2016-10-05T13:54:18+08:00 ] 127.0.0.1 /admin.php/Login/verify.html
INFO: [ app_init ] --START--
INFO: Run Behavior\BuildLiteBehavior [ RunTime:0.000020s ]
INFO: [ app_init ] --END-- [ RunTime:0.000422s ]

[ 2016-10-05T13:54:30+08:00 ] 127.0.0.1 /admin.php/Login/login.html
INFO: [ app_init ] --START--
INFO: Run Behavior\BuildLiteBehavior [ RunTime:0.000016s ]
INFO: [ app_init ] --END-- [ RunTime:0.000291s ]

[ 2016-10-05T13:54:30+08:00 ] 127.0.0.1 /admin.php/admin.php/Index/index.html.html
INFO: [ app_init ] --START--
INFO: Run Behavior\BuildLiteBehavior [ RunTime:0.000014s ]
INFO: [ app_init ] --END-- [ RunTime:0.000286s ]
ERR: 无法加载控制器:Admin.php

[ 2016-10-05T13:58:08+08:00 ] 127.0.0.1 /admin.php
INFO: [ app_init ] --START--
INFO: Run Behavior\BuildLiteBehavior [ RunTime:0.000020s ]
INFO: [ app_init ] --END-- [ RunTime:0.000471s ]

[ 2016-10-05T13:58:09+08:00 ] 127.0.0.1 /admin.php/Login/verify.html
INFO: [ app_init ] --START--
INFO: Run Behavior\BuildLiteBehavior [ RunTime:0.000017s ]
INFO: [ app_init ] --END-- [ RunTime:0.000380s ]

[ 2016-10-05T14:01:01+08:00 ] 127.0.0.1 /admin.php/Login/login.html
INFO: [ app_init ] --START--
INFO: Run Behavior\BuildLiteBehavior [ RunTime:0.000014s ]
INFO: [ app_init ] --END-- [ RunTime:0.000337s ]

[ 2016-10-05T14:01:04+08:00 ] 127.0.0.1 /admin.php/Login/verify.html
INFO: [ app_init ] --START--
INFO: Run Behavior\BuildLiteBehavior [ RunTime:0.000016s ]
INFO: [ app_init ] --END-- [ RunTime:0.000318s ]

[ 2016-10-05T14:01:12+08:00 ] 127.0.0.1 /admin.php/Login/login.html
INFO: [ app_init ] --START--
INFO: Run Behavior\BuildLiteBehavior [ RunTime:0.000016s ]
INFO: [ app_init ] --END-- [ RunTime:0.000326s ]

[ 2016-10-05T14:01:12+08:00 ] 127.0.0.1 /admin.php/admin.php/Index/index.html.html
INFO: [ app_init ] --START--
INFO: Run Behavior\BuildLiteBehavior [ RunTime:0.000015s ]
INFO: [ app_init ] --END-- [ RunTime:0.000289s ]
ERR: 无法加载控制器:Admin.php

[ 2016-10-05T14:02:15+08:00 ] 127.0.0.1 /admin.php/Admin/Index/index.html
INFO: [ app_init ] --START--
INFO: Run Behavior\BuildLiteBehavior [ RunTime:0.000015s ]
INFO: [ app_init ] --END-- [ RunTime:0.000335s ]
ERR: 无法加载控制器:Admin

[ 2016-10-05T14:02:42+08:00 ] 127.0.0.1 /admin.php/Admin/Index/index.html
INFO: [ app_init ] --START--
INFO: Run Behavior\BuildLiteBehavior [ RunTime:0.000014s ]
INFO: [ app_init ] --END-- [ RunTime:0.000301s ]
ERR: 无法加载控制器:Admin

[ 2016-10-05T14:02:52+08:00 ] 127.0.0.1 /admin.php/Index/index.html
INFO: [ app_init ] --START--
INFO: Run Behavior\BuildLiteBehavior [ RunTime:0.000015s ]
INFO: [ app_init ] --END-- [ RunTime:0.000333s ]

[ 2016-10-05T14:03:56+08:00 ] 127.0.0.1 /admin.php/Index/index.html
INFO: [ app_init ] --START--
INFO: Run Behavior\BuildLiteBehavior [ RunTime:0.000015s ]
INFO: [ app_init ] --END-- [ RunTime:0.000666s ]

[ 2016-10-05T14:04:00+08:00 ] 127.0.0.1 /admin.php
INFO: [ app_init ] --START--
INFO: Run Behavior\BuildLiteBehavior [ RunTime:0.000018s ]
INFO: [ app_init ] --END-- [ RunTime:0.000557s ]

[ 2016-10-05T14:04:00+08:00 ] 127.0.0.1 /admin.php/Login/verify.html
INFO: [ app_init ] --START--
INFO: Run Behavior\BuildLiteBehavior [ RunTime:0.000022s ]
INFO: [ app_init ] --END-- [ RunTime:0.000483s ]

[ 2016-10-05T14:04:10+08:00 ] 127.0.0.1 /admin.php/Login/login.html
INFO: [ app_init ] --START--
INFO: Run Behavior\BuildLiteBehavior [ RunTime:0.000015s ]
INFO: [ app_init ] --END-- [ RunTime:0.000301s ]

[ 2016-10-05T14:04:10+08:00 ] 127.0.0.1 /admin.php/admin.php/Index/index.html.html
INFO: [ app_init ] --START--
INFO: Run Behavior\BuildLiteBehavior [ RunTime:0.000014s ]
INFO: [ app_init ] --END-- [ RunTime:0.000299s ]
ERR: 无法加载控制器:Admin.php

[ 2016-10-05T14:05:03+08:00 ] 127.0.0.1 /admin.php
INFO: [ app_init ] --START--
INFO: Run Behavior\BuildLiteBehavior [ RunTime:0.000015s ]
INFO: [ app_init ] --END-- [ RunTime:0.000321s ]

[ 2016-10-05T14:05:03+08:00 ] 127.0.0.1 /admin.php/Login/verify.html
INFO: [ app_init ] --START--
INFO: Run Behavior\BuildLiteBehavior [ RunTime:0.000015s ]
INFO: [ app_init ] --END-- [ RunTime:0.000314s ]

[ 2016-10-05T14:05:22+08:00 ] 127.0.0.1 /admin.php/Login/login.html
INFO: [ app_init ] --START--
INFO: Run Behavior\BuildLiteBehavior [ RunTime:0.000046s ]
INFO: [ app_init ] --END-- [ RunTime:0.000347s ]

[ 2016-10-05T14:05:22+08:00 ] 127.0.0.1 /admin.php/admin.php/Index/index.html.html
INFO: [ app_init ] --START--
INFO: Run Behavior\BuildLiteBehavior [ RunTime:0.000013s ]
INFO: [ app_init ] --END-- [ RunTime:0.000267s ]
ERR: 无法加载控制器:Admin.php

[ 2016-10-05T14:06:26+08:00 ] 127.0.0.1 /admin.php
INFO: [ app_init ] --START--
INFO: Run Behavior\BuildLiteBehavior [ RunTime:0.000015s ]
INFO: [ app_init ] --END-- [ RunTime:0.000327s ]

[ 2016-10-05T14:06:26+08:00 ] 127.0.0.1 /admin.php/Login/verify.html
INFO: [ app_init ] --START--
INFO: Run Behavior\BuildLiteBehavior [ RunTime:0.000015s ]
INFO: [ app_init ] --END-- [ RunTime:0.000315s ]

[ 2016-10-05T14:06:39+08:00 ] 127.0.0.1 /admin.php/Login/login.html
INFO: [ app_init ] --START--
INFO: Run Behavior\BuildLiteBehavior [ RunTime:0.000016s ]
INFO: [ app_init ] --END-- [ RunTime:0.000551s ]

[ 2016-10-05T14:06:39+08:00 ] 127.0.0.1 /admin.php/Index/index.html
INFO: [ app_init ] --START--
INFO: Run Behavior\BuildLiteBehavior [ RunTime:0.000025s ]
INFO: [ app_init ] --END-- [ RunTime:0.000435s ]

[ 2016-10-05T14:06:52+08:00 ] 127.0.0.1 /admin.php/Blog/index.html
INFO: [ app_init ] --START--
INFO: Run Behavior\BuildLiteBehavior [ RunTime:0.000018s ]
INFO: [ app_init ] --END-- [ RunTime:0.000384s ]

[ 2016-10-05T14:06:56+08:00 ] 127.0.0.1 /admin.php/Blog/toTrach/id/1/type/1.html
INFO: [ app_init ] --START--
INFO: Run Behavior\BuildLiteBehavior [ RunTime:0.000033s ]
INFO: [ app_init ] --END-- [ RunTime:0.000794s ]

[ 2016-10-05T14:06:57+08:00 ] 127.0.0.1 /admin.php/Blog/index.html
INFO: [ app_init ] --START--
INFO: Run Behavior\BuildLiteBehavior [ RunTime:0.000020s ]
INFO: [ app_init ] --END-- [ RunTime:0.000414s ]

[ 2016-10-05T14:07:00+08:00 ] 127.0.0.1 /admin.php/Blog/blog.html
INFO: [ app_init ] --START--
INFO: Run Behavior\BuildLiteBehavior [ RunTime:0.000019s ]
INFO: [ app_init ] --END-- [ RunTime:0.000446s ]

[ 2016-10-05T14:07:02+08:00 ] 127.0.0.1 /admin.php/Blog/trach.html
INFO: [ app_init ] --START--
INFO: Run Behavior\BuildLiteBehavior [ RunTime:0.000015s ]
INFO: [ app_init ] --END-- [ RunTime:0.000317s ]

[ 2016-10-05T14:07:06+08:00 ] 127.0.0.1 /admin.php/Blog/toTrach/id/1/type/0.html
INFO: [ app_init ] --START--
INFO: Run Behavior\BuildLiteBehavior [ RunTime:0.000017s ]
INFO: [ app_init ] --END-- [ RunTime:0.000454s ]

[ 2016-10-05T14:07:07+08:00 ] 127.0.0.1 /admin.php/Blog/index.html
INFO: [ app_init ] --START--
INFO: Run Behavior\BuildLiteBehavior [ RunTime:0.000015s ]
INFO: [ app_init ] --END-- [ RunTime:0.000294s ]

[ 2016-10-05T14:07:09+08:00 ] 127.0.0.1 /admin.php/Blog/blog.html
INFO: [ app_init ] --START--
INFO: Run Behavior\BuildLiteBehavior [ RunTime:0.000019s ]
INFO: [ app_init ] --END-- [ RunTime:0.000449s ]

[ 2016-10-05T14:10:34+08:00 ] 127.0.0.1 /admin.php/Blog/addBlog.html
INFO: [ app_init ] --START--
INFO: Run Behavior\BuildLiteBehavior [ RunTime:0.000017s ]
INFO: [ app_init ] --END-- [ RunTime:0.000380s ]
ERR: 1048:Column 'summary' cannot be null
 [ SQL语句 ] : INSERT INTO `b_blog` (`title`,`content`,`summary`,`time`,`click`,`cid`) VALUES ('ThinkPHP3.1转移ThinkPHP3.2心得','<p>下面说说一些比较容易犯错的地方：<br/><br/>一、ThinkPHP3.2里面用F方法储存的数据都被序列化了。假设你用F方法把数据储存到配置文件，储存后的数据都是序列化之后的，这样你就不能像3.1那样用C方法读取配置文件的数据了。我们可以自己定义一个储存数据的方法解决之。在/Application/Common/Common创建function.PHP，然后添加以下代码：<br/><br/><br/>01<br/>&lt;?php<br/>02<br/>/**<br/>03<br/>&nbsp;* [writeArr 写入配置文件方法]<br/>04<br/>&nbsp;* @param&nbsp; [type] $arr&nbsp;&nbsp;&nbsp;&nbsp;&nbsp; [要写入的数据]<br/>05<br/>&nbsp;* @param&nbsp; [type] $filename [文件路径]<br/>06<br/>&nbsp;* @return [type]&nbsp;&nbsp;&nbsp;&nbsp;&nbsp;&nbsp;&nbsp;&nbsp;&nbsp;&nbsp; [description]<br/>07<br/>&nbsp;*/<br/>08<br/>function writeArr($arr, $filename) {<br/>09<br/>&nbsp;&nbsp;&nbsp; return file_put_contents($filename, &quot;&lt;?php\\r\\nreturn &quot; . var_export($arr, true) . &quot;;&quot;);<br/>10<br/>}<br/>然后可以用这个writeArr方法来写入配置<br/>调用方法：<br/><br/>view sourceprint?<br/>1<br/>// 写入配置文件<br/>2<br/>&nbsp;&nbsp;&nbsp; public function setConfig(){<br/>3<br/>&nbsp;&nbsp;&nbsp;&nbsp;&nbsp;&nbsp;&nbsp; $file = CONF_PATH.&#39;/setConfig.php&#39;;<br/>4<br/>&nbsp;&nbsp;&nbsp;&nbsp;&nbsp;&nbsp;&nbsp; if(writeArr($_POST,$file)){<br/>5<br/>&nbsp;&nbsp;&nbsp;&nbsp;&nbsp;&nbsp;&nbsp;&nbsp;&nbsp;&nbsp;&nbsp; $this-&gt;success(&#39;修改成功&#39;);<br/>6<br/>&nbsp;&nbsp;&nbsp;&nbsp;&nbsp;&nbsp;&nbsp; }else{<br/>7<br/>&nbsp;&nbsp;&nbsp;&nbsp;&nbsp;&nbsp;&nbsp;&nbsp;&nbsp;&nbsp;&nbsp; $this-&gt;error(&#39;修改失败&#39;);<br/>8<br/>&nbsp;&nbsp;&nbsp;&nbsp;&nbsp;&nbsp;&nbsp; }<br/>9<br/>&nbsp;&nbsp;&nbsp; }<br/>二、ThinkPHP3.2加载外部标签库出现“实例化一个不存在的类”错误<br/><br/>例如：<br/><br/>&#39;APP_AUTOLOAD_PATH&#39; =&gt; &#39;@.TagLib&#39;,<br/>&#39;TAGLIB_BUILD_IN&#39; =&gt; &#39;Cx,Hd&#39;,<br/><br/>改成，并放在对应模块的config.php里面，不要放在公共配置的config.php里面<br/><br/>&#39;TAGLIB_BUILD_IN&#39;<br/>=&gt; &#39;Cx,Home\\TagLib\\TagLibHd&#39;,<br/>&nbsp;&nbsp;&nbsp; &#39;TAGLIB_PRE_LOAD&#39;<br/>=&gt; &#39;Home\\TagLib\\TagLibHd&#39;,<br/><br/><br/>三、ThinkPHP3.2下import导入自定义类的问题<br/><br/>首先检查下命名空间有没有出错，然后还要做以下改动：<br/><br/>在import(&#39;Class.Image&#39;,APP_PATH)之后，实例化时，应该这样：<br/><br/>$Image = new \\Image();<br/><br/>而不是<br/><br/>$Image = new Image();<br/><br/>&nbsp; 因为这样的话会直接作为一个当前命名空间下的类使用，所以会报找不到类的错。<br/><br/><br/><br/>四、自定义标签库错误，parseXmlAttr()错误<br/><br/>3.2版本已经作废了该方法，所以要获取属性值，直接就可以通过$attr（属性数组） 变量来获得，<br/><br/>也就是释掉以下即可正常加载标签：</p>',NULL,'1475647834','100','12')

[ 2016-10-05T14:11:14+08:00 ] 127.0.0.1 /admin.php/Blog/blog.html
INFO: [ app_init ] --START--
INFO: Run Behavior\BuildLiteBehavior [ RunTime:0.000016s ]
INFO: [ app_init ] --END-- [ RunTime:0.000346s ]

[ 2016-10-05T14:11:58+08:00 ] 127.0.0.1 /admin.php/Blog/addBlog.html
INFO: [ app_init ] --START--
INFO: Run Behavior\BuildLiteBehavior [ RunTime:0.000020s ]
INFO: [ app_init ] --END-- [ RunTime:0.000523s ]
ERR: 1048:Column 'summary' cannot be null
 [ SQL语句 ] : INSERT INTO `b_blog` (`title`,`content`,`summary`,`time`,`click`,`cid`) VALUES ('ThinkPHP3.1转移ThinkPHP3.2心得','<p>下面说说一些比较容易犯错的地方：<br/><br/>一、ThinkPHP3.2里面用F方法储存的数据都被序列化了。假设你用F方法把数据储存到配置文件，储存后的数据都是序列化之后的，这样你就不能像3.1那样用C方法读取配置文件的数据了。我们可以自己定义一个储存数据的方法解决之。在/Application/Common/Common创建function.PHP，然后添加以下代码：<br/><br/><br/>01<br/>&lt;?php<br/>02<br/>/**<br/>03<br/>&nbsp;* [writeArr 写入配置文件方法]<br/>04<br/>&nbsp;* @param&nbsp; [type] $arr&nbsp;&nbsp;&nbsp;&nbsp;&nbsp; [要写入的数据]<br/>05<br/>&nbsp;* @param&nbsp; [type] $filename [文件路径]<br/>06<br/>&nbsp;* @return [type]&nbsp;&nbsp;&nbsp;&nbsp;&nbsp;&nbsp;&nbsp;&nbsp;&nbsp;&nbsp; [description]<br/>07<br/>&nbsp;*/<br/>08<br/>function writeArr($arr, $filename) {<br/>09<br/>&nbsp;&nbsp;&nbsp; return file_put_contents($filename, &quot;&lt;?php\\r\\nreturn &quot; . var_export($arr, true) . &quot;;&quot;);<br/>10<br/>}<br/>然后可以用这个writeArr方法来写入配置<br/>调用方法：<br/><br/>view sourceprint?<br/>1<br/>// 写入配置文件<br/>2<br/>&nbsp;&nbsp;&nbsp; public function setConfig(){<br/>3<br/>&nbsp;&nbsp;&nbsp;&nbsp;&nbsp;&nbsp;&nbsp; $file = CONF_PATH.&#39;/setConfig.php&#39;;<br/>4<br/>&nbsp;&nbsp;&nbsp;&nbsp;&nbsp;&nbsp;&nbsp; if(writeArr($_POST,$file)){<br/>5<br/>&nbsp;&nbsp;&nbsp;&nbsp;&nbsp;&nbsp;&nbsp;&nbsp;&nbsp;&nbsp;&nbsp; $this-&gt;success(&#39;修改成功&#39;);<br/>6<br/>&nbsp;&nbsp;&nbsp;&nbsp;&nbsp;&nbsp;&nbsp; }else{<br/>7<br/>&nbsp;&nbsp;&nbsp;&nbsp;&nbsp;&nbsp;&nbsp;&nbsp;&nbsp;&nbsp;&nbsp; $this-&gt;error(&#39;修改失败&#39;);<br/>8<br/>&nbsp;&nbsp;&nbsp;&nbsp;&nbsp;&nbsp;&nbsp; }<br/>9<br/>&nbsp;&nbsp;&nbsp; }<br/>二、ThinkPHP3.2加载外部标签库出现“实例化一个不存在的类”错误<br/><br/>例如：<br/><br/>&#39;APP_AUTOLOAD_PATH&#39; =&gt; &#39;@.TagLib&#39;,<br/>&#39;TAGLIB_BUILD_IN&#39; =&gt; &#39;Cx,Hd&#39;,<br/><br/>改成，并放在对应模块的config.php里面，不要放在公共配置的config.php里面<br/><br/>&#39;TAGLIB_BUILD_IN&#39;<br/>=&gt; &#39;Cx,Home\\TagLib\\TagLibHd&#39;,<br/>&nbsp;&nbsp;&nbsp; &#39;TAGLIB_PRE_LOAD&#39;<br/>=&gt; &#39;Home\\TagLib\\TagLibHd&#39;,<br/><br/><br/>三、ThinkPHP3.2下import导入自定义类的问题<br/><br/>首先检查下命名空间有没有出错，然后还要做以下改动：<br/><br/>在import(&#39;Class.Image&#39;,APP_PATH)之后，实例化时，应该这样：<br/><br/>$Image = new \\Image();<br/><br/>而不是<br/><br/>$Image = new Image();<br/><br/>&nbsp; 因为这样的话会直接作为一个当前命名空间下的类使用，所以会报找不到类的错。<br/><br/><br/><br/>四、自定义标签库错误，parseXmlAttr()错误<br/><br/>3.2版本已经作废了该方法，所以要获取属性值，直接就可以通过$attr（属性数组） 变量来获得，<br/><br/>也就是释掉以下即可正常加载标签：</p>',NULL,'1475647918','1000','12')

[ 2016-10-05T14:13:34+08:00 ] 127.0.0.1 /admin.php/Blog/blog.html
INFO: [ app_init ] --START--
INFO: Run Behavior\BuildLiteBehavior [ RunTime:0.000020s ]
INFO: [ app_init ] --END-- [ RunTime:0.000463s ]

[ 2016-10-05T14:14:21+08:00 ] 127.0.0.1 /admin.php/Blog/blog.html
INFO: [ app_init ] --START--
INFO: Run Behavior\BuildLiteBehavior [ RunTime:0.000017s ]
INFO: [ app_init ] --END-- [ RunTime:0.000343s ]

[ 2016-10-05T14:16:31+08:00 ] 127.0.0.1 /admin.php/Index/index.html
INFO: [ app_init ] --START--
INFO: Run Behavior\BuildLiteBehavior [ RunTime:0.000022s ]
INFO: [ app_init ] --END-- [ RunTime:0.000506s ]

[ 2016-10-05T14:16:33+08:00 ] 127.0.0.1 /admin.php/Blog/blog.html
INFO: [ app_init ] --START--
INFO: Run Behavior\BuildLiteBehavior [ RunTime:0.000047s ]
INFO: [ app_init ] --END-- [ RunTime:0.000795s ]

[ 2016-10-05T14:16:48+08:00 ] 127.0.0.1 /admin.php/Blog/addBlog.html
INFO: [ app_init ] --START--
INFO: Run Behavior\BuildLiteBehavior [ RunTime:0.000013s ]
INFO: [ app_init ] --END-- [ RunTime:0.000345s ]

[ 2016-10-05T14:18:18+08:00 ] 127.0.0.1 /admin.php/Index/index.html
INFO: [ app_init ] --START--
INFO: Run Behavior\BuildLiteBehavior [ RunTime:0.000014s ]
INFO: [ app_init ] --END-- [ RunTime:0.000310s ]

[ 2016-10-05T14:18:20+08:00 ] 127.0.0.1 /admin.php/Blog/blog.html
INFO: [ app_init ] --START--
INFO: Run Behavior\BuildLiteBehavior [ RunTime:0.000013s ]
INFO: [ app_init ] --END-- [ RunTime:0.000309s ]

[ 2016-10-05T14:18:32+08:00 ] 127.0.0.1 /admin.php/Blog/addBlog.html
INFO: [ app_init ] --START--
INFO: Run Behavior\BuildLiteBehavior [ RunTime:0.000015s ]
INFO: [ app_init ] --END-- [ RunTime:0.000356s ]

[ 2016-10-05T14:18:59+08:00 ] 127.0.0.1 /admin.php/Index/index.html
INFO: [ app_init ] --START--
INFO: Run Behavior\BuildLiteBehavior [ RunTime:0.000022s ]
INFO: [ app_init ] --END-- [ RunTime:0.000725s ]

[ 2016-10-05T14:19:01+08:00 ] 127.0.0.1 /admin.php/Blog/blog.html
INFO: [ app_init ] --START--
INFO: Run Behavior\BuildLiteBehavior [ RunTime:0.000021s ]
INFO: [ app_init ] --END-- [ RunTime:0.000476s ]

[ 2016-10-05T14:19:42+08:00 ] 127.0.0.1 /admin.php/Blog/addBlog.html
INFO: [ app_init ] --START--
INFO: Run Behavior\BuildLiteBehavior [ RunTime:0.000041s ]
INFO: [ app_init ] --END-- [ RunTime:0.002895s ]

[ 2016-10-05T14:19:43+08:00 ] 127.0.0.1 /admin.php/Blog/index.html
INFO: [ app_init ] --START--
INFO: Run Behavior\BuildLiteBehavior [ RunTime:0.000016s ]
INFO: [ app_init ] --END-- [ RunTime:0.000316s ]

[ 2016-10-05T14:20:05+08:00 ] 127.0.0.1 /admin.php/Blog/trach.html
INFO: [ app_init ] --START--
INFO: Run Behavior\BuildLiteBehavior [ RunTime:0.000015s ]
INFO: [ app_init ] --END-- [ RunTime:0.000355s ]

[ 2016-10-05T14:20:08+08:00 ] 127.0.0.1 /admin.php/Blog/index.html
INFO: [ app_init ] --START--
INFO: Run Behavior\BuildLiteBehavior [ RunTime:0.000014s ]
INFO: [ app_init ] --END-- [ RunTime:0.000310s ]

[ 2016-10-05T14:20:17+08:00 ] 127.0.0.1 /admin.php/Blog/blog.html
INFO: [ app_init ] --START--
INFO: Run Behavior\BuildLiteBehavior [ RunTime:0.000021s ]
INFO: [ app_init ] --END-- [ RunTime:0.000496s ]

[ 2016-10-05T14:20:29+08:00 ] 127.0.0.1 /admin.php/Blog/addBlog.html
INFO: [ app_init ] --START--
INFO: Run Behavior\BuildLiteBehavior [ RunTime:0.000013s ]
INFO: [ app_init ] --END-- [ RunTime:0.000318s ]

[ 2016-10-05T14:20:30+08:00 ] 127.0.0.1 /admin.php/Blog/index.html
INFO: [ app_init ] --START--
INFO: Run Behavior\BuildLiteBehavior [ RunTime:0.000013s ]
INFO: [ app_init ] --END-- [ RunTime:0.000269s ]

[ 2016-10-05T14:20:36+08:00 ] 127.0.0.1 /admin.php/Blog/toTrach/id/11/type/1.html
INFO: [ app_init ] --START--
INFO: Run Behavior\BuildLiteBehavior [ RunTime:0.000014s ]
INFO: [ app_init ] --END-- [ RunTime:0.000332s ]

[ 2016-10-05T14:20:37+08:00 ] 127.0.0.1 /admin.php/Blog/index.html
INFO: [ app_init ] --START--
INFO: Run Behavior\BuildLiteBehavior [ RunTime:0.000020s ]
INFO: [ app_init ] --END-- [ RunTime:0.000421s ]

[ 2016-10-05T14:20:40+08:00 ] 127.0.0.1 /admin.php/Blog/trach.html
INFO: [ app_init ] --START--
INFO: Run Behavior\BuildLiteBehavior [ RunTime:0.000014s ]
INFO: [ app_init ] --END-- [ RunTime:0.000319s ]

[ 2016-10-05T14:20:46+08:00 ] 127.0.0.1 /admin.php/Blog/toTrach/id/11/type/0.html
INFO: [ app_init ] --START--
INFO: Run Behavior\BuildLiteBehavior [ RunTime:0.000028s ]
INFO: [ app_init ] --END-- [ RunTime:0.000615s ]

[ 2016-10-05T14:20:47+08:00 ] 127.0.0.1 /admin.php/Blog/index.html
INFO: [ app_init ] --START--
INFO: Run Behavior\BuildLiteBehavior [ RunTime:0.000015s ]
INFO: [ app_init ] --END-- [ RunTime:0.000316s ]

[ 2016-10-05T14:20:50+08:00 ] 127.0.0.1 /admin.php/Blog/toTrach/id/11/type/1.html
INFO: [ app_init ] --START--
INFO: Run Behavior\BuildLiteBehavior [ RunTime:0.000030s ]
INFO: [ app_init ] --END-- [ RunTime:0.001006s ]

[ 2016-10-05T14:20:51+08:00 ] 127.0.0.1 /admin.php/Blog/index.html
INFO: [ app_init ] --START--
INFO: Run Behavior\BuildLiteBehavior [ RunTime:0.000015s ]
INFO: [ app_init ] --END-- [ RunTime:0.000323s ]

[ 2016-10-05T14:20:52+08:00 ] 127.0.0.1 /admin.php/Blog/trach.html
INFO: [ app_init ] --START--
INFO: Run Behavior\BuildLiteBehavior [ RunTime:0.000016s ]
INFO: [ app_init ] --END-- [ RunTime:0.000308s ]

[ 2016-10-05T14:20:53+08:00 ] 127.0.0.1 /admin.php/Blog/trach.html
INFO: [ app_init ] --START--
INFO: Run Behavior\BuildLiteBehavior [ RunTime:0.000020s ]
INFO: [ app_init ] --END-- [ RunTime:0.000405s ]

[ 2016-10-05T14:20:55+08:00 ] 127.0.0.1 /admin.php/Blog/delete/id/11.html
INFO: [ app_init ] --START--
INFO: Run Behavior\BuildLiteBehavior [ RunTime:0.000017s ]
INFO: [ app_init ] --END-- [ RunTime:0.000351s ]

[ 2016-10-05T14:20:56+08:00 ] 127.0.0.1 /admin.php/Blog/trach.html
INFO: [ app_init ] --START--
INFO: Run Behavior\BuildLiteBehavior [ RunTime:0.000018s ]
INFO: [ app_init ] --END-- [ RunTime:0.000355s ]

[ 2016-10-05T14:20:59+08:00 ] 127.0.0.1 /admin.php/Blog/index.html
INFO: [ app_init ] --START--
INFO: Run Behavior\BuildLiteBehavior [ RunTime:0.000013s ]
INFO: [ app_init ] --END-- [ RunTime:0.000285s ]

[ 2016-10-05T14:21:06+08:00 ] 127.0.0.1 /admin.php/Attribute/index.html
INFO: [ app_init ] --START--
INFO: Run Behavior\BuildLiteBehavior [ RunTime:0.000013s ]
INFO: [ app_init ] --END-- [ RunTime:0.000284s ]

[ 2016-10-05T14:21:12+08:00 ] 127.0.0.1 /admin.php/Attribute/index.html
INFO: [ app_init ] --START--
INFO: Run Behavior\BuildLiteBehavior [ RunTime:0.000013s ]
INFO: [ app_init ] --END-- [ RunTime:0.000273s ]

[ 2016-10-05T14:21:14+08:00 ] 127.0.0.1 /admin.php/Attribute/addAttr.html
INFO: [ app_init ] --START--
INFO: Run Behavior\BuildLiteBehavior [ RunTime:0.000017s ]
INFO: [ app_init ] --END-- [ RunTime:0.000337s ]

[ 2016-10-05T14:21:16+08:00 ] 127.0.0.1 /admin.php/Attribute/index.html
INFO: [ app_init ] --START--
INFO: Run Behavior\BuildLiteBehavior [ RunTime:0.000014s ]
INFO: [ app_init ] --END-- [ RunTime:0.000304s ]

[ 2016-10-05T14:21:16+08:00 ] 127.0.0.1 /admin.php/Attribute/addAttr.html
INFO: [ app_init ] --START--
INFO: Run Behavior\BuildLiteBehavior [ RunTime:0.000014s ]
INFO: [ app_init ] --END-- [ RunTime:0.000307s ]

[ 2016-10-05T14:21:46+08:00 ] 127.0.0.1 /admin.php/Attribute/runAddAttr.html
INFO: [ app_init ] --START--
INFO: Run Behavior\BuildLiteBehavior [ RunTime:0.000018s ]
INFO: [ app_init ] --END-- [ RunTime:0.000365s ]

[ 2016-10-05T14:21:47+08:00 ] 127.0.0.1 /admin.php/Attribute/index.html
INFO: [ app_init ] --START--
INFO: Run Behavior\BuildLiteBehavior [ RunTime:0.000016s ]
INFO: [ app_init ] --END-- [ RunTime:0.000383s ]

[ 2016-10-05T14:21:53+08:00 ] 127.0.0.1 /admin.php/Category/index.html
INFO: [ app_init ] --START--
INFO: Run Behavior\BuildLiteBehavior [ RunTime:0.000018s ]
INFO: [ app_init ] --END-- [ RunTime:0.000378s ]

[ 2016-10-05T14:21:56+08:00 ] 127.0.0.1 /admin.php/Category/addCate/pid/1.html
INFO: [ app_init ] --START--
INFO: Run Behavior\BuildLiteBehavior [ RunTime:0.000017s ]
INFO: [ app_init ] --END-- [ RunTime:0.000380s ]

[ 2016-10-05T14:22:02+08:00 ] 127.0.0.1 /admin.php/Category/index.html
INFO: [ app_init ] --START--
INFO: Run Behavior\BuildLiteBehavior [ RunTime:0.000015s ]
INFO: [ app_init ] --END-- [ RunTime:0.000322s ]

[ 2016-10-05T14:22:46+08:00 ] 127.0.0.1 /admin.php/Category/sortCate.html
INFO: [ app_init ] --START--
INFO: Run Behavior\BuildLiteBehavior [ RunTime:0.000015s ]
INFO: [ app_init ] --END-- [ RunTime:0.000331s ]

[ 2016-10-05T14:22:46+08:00 ] 127.0.0.1 /admin.php/admin.php/Category/index.html.html
INFO: [ app_init ] --START--
INFO: Run Behavior\BuildLiteBehavior [ RunTime:0.000013s ]
INFO: [ app_init ] --END-- [ RunTime:0.000273s ]
ERR: 无法加载控制器:Admin.php

[ 2016-10-05T14:23:43+08:00 ] 127.0.0.1 /admin.php/Category/index.html
INFO: [ app_init ] --START--
INFO: Run Behavior\BuildLiteBehavior [ RunTime:0.000013s ]
INFO: [ app_init ] --END-- [ RunTime:0.000284s ]

[ 2016-10-05T14:24:08+08:00 ] 127.0.0.1 /admin.php/Category/sortCate.html
INFO: [ app_init ] --START--
INFO: Run Behavior\BuildLiteBehavior [ RunTime:0.000024s ]
INFO: [ app_init ] --END-- [ RunTime:0.000374s ]

[ 2016-10-05T14:24:08+08:00 ] 127.0.0.1 /admin.php/admin.php/Category/index.html.html
INFO: [ app_init ] --START--
INFO: Run Behavior\BuildLiteBehavior [ RunTime:0.000015s ]
INFO: [ app_init ] --END-- [ RunTime:0.000442s ]
ERR: 无法加载控制器:Admin.php

[ 2016-10-05T14:25:23+08:00 ] 127.0.0.1 /admin.php/Category/index.html
INFO: [ app_init ] --START--
INFO: Run Behavior\BuildLiteBehavior [ RunTime:0.000017s ]
INFO: [ app_init ] --END-- [ RunTime:0.000365s ]

[ 2016-10-05T14:25:24+08:00 ] 127.0.0.1 /admin.php/Category/addCate.html
INFO: [ app_init ] --START--
INFO: Run Behavior\BuildLiteBehavior [ RunTime:0.000018s ]
INFO: [ app_init ] --END-- [ RunTime:0.000354s ]

[ 2016-10-05T14:25:26+08:00 ] 127.0.0.1 /admin.php/Category/index.html
INFO: [ app_init ] --START--
INFO: Run Behavior\BuildLiteBehavior [ RunTime:0.000084s ]
INFO: [ app_init ] --END-- [ RunTime:0.000871s ]

[ 2016-10-05T14:25:51+08:00 ] 127.0.0.1 /admin.php/Index/index.html
INFO: [ app_init ] --START--
INFO: Run Behavior\BuildLiteBehavior [ RunTime:0.000018s ]
INFO: [ app_init ] --END-- [ RunTime:0.000739s ]

[ 2016-10-05T14:25:52+08:00 ] 127.0.0.1 /admin.php/Index/index.html
INFO: [ app_init ] --START--
INFO: Run Behavior\BuildLiteBehavior [ RunTime:0.000015s ]
INFO: [ app_init ] --END-- [ RunTime:0.000297s ]

[ 2016-10-05T14:25:53+08:00 ] 127.0.0.1 /admin.php/Attribute/index.html
INFO: [ app_init ] --START--
INFO: Run Behavior\BuildLiteBehavior [ RunTime:0.000017s ]
INFO: [ app_init ] --END-- [ RunTime:0.000446s ]

[ 2016-10-05T14:26:01+08:00 ] 127.0.0.1 /admin.php/Category/addCate.html
INFO: [ app_init ] --START--
INFO: Run Behavior\BuildLiteBehavior [ RunTime:0.000016s ]
INFO: [ app_init ] --END-- [ RunTime:0.000349s ]

[ 2016-10-05T14:26:04+08:00 ] 127.0.0.1 /admin.php/Category/index.html
INFO: [ app_init ] --START--
INFO: Run Behavior\BuildLiteBehavior [ RunTime:0.000016s ]
INFO: [ app_init ] --END-- [ RunTime:0.000297s ]

[ 2016-10-05T14:26:14+08:00 ] 127.0.0.1 /admin.php/Category/addCate.html
INFO: [ app_init ] --START--
INFO: Run Behavior\BuildLiteBehavior [ RunTime:0.000015s ]
INFO: [ app_init ] --END-- [ RunTime:0.000289s ]

[ 2016-10-05T14:26:49+08:00 ] 127.0.0.1 /admin.php/Category/runAddCate.html
INFO: [ app_init ] --START--
INFO: Run Behavior\BuildLiteBehavior [ RunTime:0.000018s ]
INFO: [ app_init ] --END-- [ RunTime:0.000387s ]

[ 2016-10-05T14:26:50+08:00 ] 127.0.0.1 /admin.php/Category/index.html
INFO: [ app_init ] --START--
INFO: Run Behavior\BuildLiteBehavior [ RunTime:0.000015s ]
INFO: [ app_init ] --END-- [ RunTime:0.000298s ]

[ 2016-10-05T14:27:39+08:00 ] 127.0.0.1 /admin.php/Category/index.html
INFO: [ app_init ] --START--
INFO: Run Behavior\BuildLiteBehavior [ RunTime:0.000018s ]
INFO: [ app_init ] --END-- [ RunTime:0.000476s ]

[ 2016-10-05T14:27:46+08:00 ] 127.0.0.1 /admin.php/Category/index.html
INFO: [ app_init ] --START--
INFO: Run Behavior\BuildLiteBehavior [ RunTime:0.000014s ]
INFO: [ app_init ] --END-- [ RunTime:0.000289s ]

[ 2016-10-05T14:28:02+08:00 ] 127.0.0.1 /admin.php/Category/index.html
INFO: [ app_init ] --START--
INFO: Run Behavior\BuildLiteBehavior [ RunTime:0.000016s ]
INFO: [ app_init ] --END-- [ RunTime:0.000309s ]

[ 2016-10-05T14:28:03+08:00 ] 127.0.0.1 /admin.php/System/verify.html
INFO: [ app_init ] --START--
INFO: Run Behavior\BuildLiteBehavior [ RunTime:0.000023s ]
INFO: [ app_init ] --END-- [ RunTime:0.000327s ]

[ 2016-10-05T14:29:36+08:00 ] 127.0.0.1 /admin.php/System/verify.html
INFO: [ app_init ] --START--
INFO: Run Behavior\BuildLiteBehavior [ RunTime:0.000017s ]
INFO: [ app_init ] --END-- [ RunTime:0.000408s ]

[ 2016-10-05T14:29:42+08:00 ] 127.0.0.1 /admin.php/System/updateVerify.html
INFO: [ app_init ] --START--
INFO: Run Behavior\BuildLiteBehavior [ RunTime:0.000015s ]
INFO: [ app_init ] --END-- [ RunTime:0.000365s ]

[ 2016-10-05T14:38:04+08:00 ] 127.0.0.1 /admin.php/System/verify.html
INFO: [ app_init ] --START--
INFO: Run Behavior\BuildLiteBehavior [ RunTime:0.000031s ]
INFO: [ app_init ] --END-- [ RunTime:0.000739s ]

[ 2016-10-05T14:38:10+08:00 ] 127.0.0.1 /admin.php/System/updateVerify.html
INFO: [ app_init ] --START--
INFO: Run Behavior\BuildLiteBehavior [ RunTime:0.000016s ]
INFO: [ app_init ] --END-- [ RunTime:0.000386s ]

[ 2016-10-05T14:41:07+08:00 ] 127.0.0.1 /admin.php/Index/index.html
INFO: [ app_init ] --START--
INFO: Run Behavior\BuildLiteBehavior [ RunTime:0.000017s ]
INFO: [ app_init ] --END-- [ RunTime:0.000393s ]

[ 2016-10-05T14:41:10+08:00 ] 127.0.0.1 /admin.php/System/verify.html
INFO: [ app_init ] --START--
INFO: Run Behavior\BuildLiteBehavior [ RunTime:0.000017s ]
INFO: [ app_init ] --END-- [ RunTime:0.000378s ]

[ 2016-10-05T14:41:16+08:00 ] 127.0.0.1 /admin.php/System/updateVerify.html
INFO: [ app_init ] --START--
INFO: Run Behavior\BuildLiteBehavior [ RunTime:0.000019s ]
INFO: [ app_init ] --END-- [ RunTime:0.000406s ]

[ 2016-10-05T14:42:12+08:00 ] 127.0.0.1 /admin.php/System/updateVerify.html
INFO: [ app_init ] --START--
INFO: Run Behavior\BuildLiteBehavior [ RunTime:0.000016s ]
INFO: [ app_init ] --END-- [ RunTime:0.000356s ]

[ 2016-10-05T14:42:13+08:00 ] 127.0.0.1 /admin.php/System/verify.html
INFO: [ app_init ] --START--
INFO: Run Behavior\BuildLiteBehavior [ RunTime:0.000017s ]
INFO: [ app_init ] --END-- [ RunTime:0.000408s ]

[ 2016-10-05T14:42:16+08:00 ] 127.0.0.1 /admin.php/Index/logout.html
INFO: [ app_init ] --START--
INFO: Run Behavior\BuildLiteBehavior [ RunTime:0.000018s ]
INFO: [ app_init ] --END-- [ RunTime:0.000359s ]

[ 2016-10-05T14:42:16+08:00 ] 127.0.0.1 /admin.php/admin.php/Login/index.html.html
INFO: [ app_init ] --START--
INFO: Run Behavior\BuildLiteBehavior [ RunTime:0.000033s ]
INFO: [ app_init ] --END-- [ RunTime:0.000643s ]
ERR: 无法加载控制器:Admin.php

[ 2016-10-05T14:43:12+08:00 ] 127.0.0.1 /admin.php/admin.php/Login/index.html.html
INFO: [ app_init ] --START--
INFO: Run Behavior\BuildLiteBehavior [ RunTime:0.000025s ]
INFO: [ app_init ] --END-- [ RunTime:0.000387s ]
ERR: 无法加载控制器:Admin.php

[ 2016-10-05T14:43:13+08:00 ] 127.0.0.1 /admin.php/admin.php/Login/index.html.html
INFO: [ app_init ] --START--
INFO: Run Behavior\BuildLiteBehavior [ RunTime:0.000014s ]
INFO: [ app_init ] --END-- [ RunTime:0.000333s ]
ERR: 无法加载控制器:Admin.php

[ 2016-10-05T14:43:14+08:00 ] 127.0.0.1 /admin.php/admin.php/Login/index.html.html
INFO: [ app_init ] --START--
INFO: Run Behavior\BuildLiteBehavior [ RunTime:0.000015s ]
INFO: [ app_init ] --END-- [ RunTime:0.000349s ]
ERR: 无法加载控制器:Admin.php

[ 2016-10-05T14:43:17+08:00 ] 127.0.0.1 /admin.php/Index/logout.html
INFO: [ app_init ] --START--
INFO: Run Behavior\BuildLiteBehavior [ RunTime:0.000015s ]
INFO: [ app_init ] --END-- [ RunTime:0.000315s ]

[ 2016-10-05T14:43:17+08:00 ] 127.0.0.1 /admin.php/admin.php/Login/index.html.html
INFO: [ app_init ] --START--
INFO: Run Behavior\BuildLiteBehavior [ RunTime:0.000015s ]
INFO: [ app_init ] --END-- [ RunTime:0.000291s ]
ERR: 无法加载控制器:Admin.php

[ 2016-10-05T14:44:23+08:00 ] 127.0.0.1 /admin.php/Index/logout.html
INFO: [ app_init ] --START--
INFO: Run Behavior\BuildLiteBehavior [ RunTime:0.000021s ]
INFO: [ app_init ] --END-- [ RunTime:0.000433s ]

[ 2016-10-05T14:44:23+08:00 ] 127.0.0.1 /admin.php/admin.php/Login/index.html.html
INFO: [ app_init ] --START--
INFO: Run Behavior\BuildLiteBehavior [ RunTime:0.000014s ]
INFO: [ app_init ] --END-- [ RunTime:0.000325s ]
ERR: 无法加载控制器:Admin.php

[ 2016-10-05T14:44:32+08:00 ] 127.0.0.1 /admin.php/Index/index.html
INFO: [ app_init ] --START--
INFO: Run Behavior\BuildLiteBehavior [ RunTime:0.000014s ]
INFO: [ app_init ] --END-- [ RunTime:0.000301s ]

[ 2016-10-05T14:44:32+08:00 ] 127.0.0.1 /admin.php/admin.php/Login/index.html.html
INFO: [ app_init ] --START--
INFO: Run Behavior\BuildLiteBehavior [ RunTime:0.000015s ]
INFO: [ app_init ] --END-- [ RunTime:0.000311s ]
ERR: 无法加载控制器:Admin.php

[ 2016-10-05T14:44:33+08:00 ] 127.0.0.1 /admin.php/admin.php/Login/index.html.html
INFO: [ app_init ] --START--
INFO: Run Behavior\BuildLiteBehavior [ RunTime:0.000022s ]
INFO: [ app_init ] --END-- [ RunTime:0.000450s ]
ERR: 无法加载控制器:Admin.php

[ 2016-10-05T14:44:33+08:00 ] 127.0.0.1 /admin.php/admin.php/Login/index.html.html
INFO: [ app_init ] --START--
INFO: Run Behavior\BuildLiteBehavior [ RunTime:0.000036s ]
INFO: [ app_init ] --END-- [ RunTime:0.000608s ]
ERR: 无法加载控制器:Admin.php

[ 2016-10-05T14:44:34+08:00 ] 127.0.0.1 /admin.php/admin.php/Login/index.html.html
INFO: [ app_init ] --START--
INFO: Run Behavior\BuildLiteBehavior [ RunTime:0.000019s ]
INFO: [ app_init ] --END-- [ RunTime:0.000579s ]
ERR: 无法加载控制器:Admin.php

[ 2016-10-05T14:44:34+08:00 ] 127.0.0.1 /admin.php/admin.php/Login/index.html.html
INFO: [ app_init ] --START--
INFO: Run Behavior\BuildLiteBehavior [ RunTime:0.000023s ]
INFO: [ app_init ] --END-- [ RunTime:0.000494s ]
ERR: 无法加载控制器:Admin.php

[ 2016-10-05T14:44:34+08:00 ] 127.0.0.1 /admin.php/admin.php/Login/index.html.html
INFO: [ app_init ] --START--
INFO: Run Behavior\BuildLiteBehavior [ RunTime:0.000046s ]
INFO: [ app_init ] --END-- [ RunTime:0.000731s ]
ERR: 无法加载控制器:Admin.php

[ 2016-10-05T14:44:34+08:00 ] 127.0.0.1 /admin.php/admin.php/Login/index.html.html
INFO: [ app_init ] --START--
INFO: Run Behavior\BuildLiteBehavior [ RunTime:0.000024s ]
INFO: [ app_init ] --END-- [ RunTime:0.000528s ]
ERR: 无法加载控制器:Admin.php

[ 2016-10-05T14:44:34+08:00 ] 127.0.0.1 /admin.php/admin.php/Login/index.html.html
INFO: [ app_init ] --START--
INFO: Run Behavior\BuildLiteBehavior [ RunTime:0.000015s ]
INFO: [ app_init ] --END-- [ RunTime:0.000392s ]
ERR: 无法加载控制器:Admin.php

[ 2016-10-05T14:44:35+08:00 ] 127.0.0.1 /admin.php/admin.php/Login/index.html.html
INFO: [ app_init ] --START--
INFO: Run Behavior\BuildLiteBehavior [ RunTime:0.000017s ]
INFO: [ app_init ] --END-- [ RunTime:0.000339s ]
ERR: 无法加载控制器:Admin.php

[ 2016-10-05T14:44:35+08:00 ] 127.0.0.1 /admin.php/admin.php/Login/index.html.html
INFO: [ app_init ] --START--
INFO: Run Behavior\BuildLiteBehavior [ RunTime:0.000015s ]
INFO: [ app_init ] --END-- [ RunTime:0.000328s ]
ERR: 无法加载控制器:Admin.php

[ 2016-10-05T14:44:40+08:00 ] 127.0.0.1 /admin.php
INFO: [ app_init ] --START--
INFO: Run Behavior\BuildLiteBehavior [ RunTime:0.000014s ]
INFO: [ app_init ] --END-- [ RunTime:0.000388s ]

[ 2016-10-05T14:44:40+08:00 ] 127.0.0.1 /admin.php/Login/verify.html
INFO: [ app_init ] --START--
INFO: Run Behavior\BuildLiteBehavior [ RunTime:0.000015s ]
INFO: [ app_init ] --END-- [ RunTime:0.000367s ]

[ 2016-10-05T14:45:03+08:00 ] 127.0.0.1 /admin.php/Login/login.html
INFO: [ app_init ] --START--
INFO: Run Behavior\BuildLiteBehavior [ RunTime:0.000015s ]
INFO: [ app_init ] --END-- [ RunTime:0.000427s ]

[ 2016-10-05T14:45:06+08:00 ] 127.0.0.1 /admin.php/Login/verify.html
INFO: [ app_init ] --START--
INFO: Run Behavior\BuildLiteBehavior [ RunTime:0.000023s ]
INFO: [ app_init ] --END-- [ RunTime:0.000464s ]

[ 2016-10-05T14:45:14+08:00 ] 127.0.0.1 /admin.php/Login/login.html
INFO: [ app_init ] --START--
INFO: Run Behavior\BuildLiteBehavior [ RunTime:0.000015s ]
INFO: [ app_init ] --END-- [ RunTime:0.000286s ]

[ 2016-10-05T14:45:14+08:00 ] 127.0.0.1 /admin.php/Index/index.html
INFO: [ app_init ] --START--
INFO: Run Behavior\BuildLiteBehavior [ RunTime:0.000018s ]
INFO: [ app_init ] --END-- [ RunTime:0.000383s ]

[ 2016-10-05T14:45:16+08:00 ] 127.0.0.1 /admin.php/Index/logout.html
INFO: [ app_init ] --START--
INFO: Run Behavior\BuildLiteBehavior [ RunTime:0.000015s ]
INFO: [ app_init ] --END-- [ RunTime:0.000292s ]

[ 2016-10-05T14:45:16+08:00 ] 127.0.0.1 /admin.php/Login/index.html
INFO: [ app_init ] --START--
INFO: Run Behavior\BuildLiteBehavior [ RunTime:0.000016s ]
INFO: [ app_init ] --END-- [ RunTime:0.000286s ]

[ 2016-10-05T14:45:17+08:00 ] 127.0.0.1 /admin.php/Login/verify.html
INFO: [ app_init ] --START--
INFO: Run Behavior\BuildLiteBehavior [ RunTime:0.000026s ]
INFO: [ app_init ] --END-- [ RunTime:0.000462s ]

[ 2016-10-05T15:09:03+08:00 ] 127.0.0.1 /admin.php
INFO: [ app_init ] --START--
INFO: Run Behavior\BuildLiteBehavior [ RunTime:0.000021s ]
INFO: [ app_init ] --END-- [ RunTime:0.000452s ]

[ 2016-10-05T15:09:03+08:00 ] 127.0.0.1 /admin.php/Login/verify.html
INFO: [ app_init ] --START--
INFO: Run Behavior\BuildLiteBehavior [ RunTime:0.000014s ]
INFO: [ app_init ] --END-- [ RunTime:0.000296s ]

[ 2016-10-05T15:09:17+08:00 ] 127.0.0.1 /admin.php/Login/verify/0.18014653050594176
INFO: [ app_init ] --START--
INFO: Run Behavior\BuildLiteBehavior [ RunTime:0.000033s ]
INFO: [ app_init ] --END-- [ RunTime:0.000906s ]

[ 2016-10-05T15:09:26+08:00 ] 127.0.0.1 /admin.php/Login/login.html
INFO: [ app_init ] --START--
INFO: Run Behavior\BuildLiteBehavior [ RunTime:0.000021s ]
INFO: [ app_init ] --END-- [ RunTime:0.000561s ]

[ 2016-10-05T15:09:29+08:00 ] 127.0.0.1 /admin.php/Login/verify.html
INFO: [ app_init ] --START--
INFO: Run Behavior\BuildLiteBehavior [ RunTime:0.000023s ]
INFO: [ app_init ] --END-- [ RunTime:0.000495s ]

[ 2016-10-05T15:09:36+08:00 ] 127.0.0.1 /admin.php/Login/login.html
INFO: [ app_init ] --START--
INFO: Run Behavior\BuildLiteBehavior [ RunTime:0.000016s ]
INFO: [ app_init ] --END-- [ RunTime:0.000700s ]

[ 2016-10-05T15:09:40+08:00 ] 127.0.0.1 /admin.php/Login/verify.html
INFO: [ app_init ] --START--
INFO: Run Behavior\BuildLiteBehavior [ RunTime:0.000022s ]
INFO: [ app_init ] --END-- [ RunTime:0.000430s ]

[ 2016-10-05T15:09:46+08:00 ] 127.0.0.1 /admin.php/Login/verify/0.43712123603549113
INFO: [ app_init ] --START--
INFO: Run Behavior\BuildLiteBehavior [ RunTime:0.000032s ]
INFO: [ app_init ] --END-- [ RunTime:0.000717s ]

[ 2016-10-05T15:09:55+08:00 ] 127.0.0.1 /admin.php/Login/login.html
INFO: [ app_init ] --START--
INFO: Run Behavior\BuildLiteBehavior [ RunTime:0.000015s ]
INFO: [ app_init ] --END-- [ RunTime:0.000294s ]

[ 2016-10-05T15:09:58+08:00 ] 127.0.0.1 /admin.php/Login/verify.html
INFO: [ app_init ] --START--
INFO: Run Behavior\BuildLiteBehavior [ RunTime:0.000022s ]
INFO: [ app_init ] --END-- [ RunTime:0.000393s ]

[ 2016-10-05T15:10:33+08:00 ] 127.0.0.1 /admin.php
INFO: [ app_init ] --START--
INFO: Run Behavior\BuildLiteBehavior [ RunTime:0.000020s ]
INFO: [ app_init ] --END-- [ RunTime:0.000424s ]

[ 2016-10-05T15:10:33+08:00 ] 127.0.0.1 /admin.php/Login/verify.html
INFO: [ app_init ] --START--
INFO: Run Behavior\BuildLiteBehavior [ RunTime:0.000016s ]
INFO: [ app_init ] --END-- [ RunTime:0.000338s ]

[ 2016-10-05T15:10:46+08:00 ] 127.0.0.1 /admin.php/Login/login.html
INFO: [ app_init ] --START--
INFO: Run Behavior\BuildLiteBehavior [ RunTime:0.000018s ]
INFO: [ app_init ] --END-- [ RunTime:0.000482s ]

[ 2016-10-05T15:10:46+08:00 ] 127.0.0.1 /admin.php/Index/index.html
INFO: [ app_init ] --START--
INFO: Run Behavior\BuildLiteBehavior [ RunTime:0.000025s ]
INFO: [ app_init ] --END-- [ RunTime:0.000643s ]

[ 2016-10-05T15:10:48+08:00 ] 127.0.0.1 /admin.php/Blog/blog.html
INFO: [ app_init ] --START--
INFO: Run Behavior\BuildLiteBehavior [ RunTime:0.000032s ]
INFO: [ app_init ] --END-- [ RunTime:0.000687s ]

[ 2016-10-05T15:11:02+08:00 ] 127.0.0.1 /admin.php/Blog/addBlog.html
INFO: [ app_init ] --START--
INFO: Run Behavior\BuildLiteBehavior [ RunTime:0.000032s ]
INFO: [ app_init ] --END-- [ RunTime:0.000755s ]

[ 2016-10-05T15:11:03+08:00 ] 127.0.0.1 /admin.php/Blog/index.html
INFO: [ app_init ] --START--
INFO: Run Behavior\BuildLiteBehavior [ RunTime:0.000018s ]
INFO: [ app_init ] --END-- [ RunTime:0.000401s ]

