[ 2017-05-26T14:34:08+08:00 ] 127.0.0.1 /admin.php
INFO: [ app_init ] --START--
INFO: Run Behavior\BuildLiteBehavior [ RunTime:0.000023s ]
INFO: [ app_init ] --END-- [ RunTime:0.016680s ]

[ 2017-05-26T14:34:09+08:00 ] 127.0.0.1 /admin.php/Login/verify.html
INFO: [ app_init ] --START--
INFO: Run Behavior\BuildLiteBehavior [ RunTime:0.000017s ]
INFO: [ app_init ] --END-- [ RunTime:0.000439s ]

[ 2017-05-26T14:39:59+08:00 ] 127.0.0.1 /admin.php/Login/login.html
INFO: [ app_init ] --START--
INFO: Run Behavior\BuildLiteBehavior [ RunTime:0.000015s ]
INFO: [ app_init ] --END-- [ RunTime:0.000332s ]

[ 2017-05-26T14:40:02+08:00 ] 127.0.0.1 /admin.php/Login/verify.html
INFO: [ app_init ] --START--
INFO: Run Behavior\BuildLiteBehavior [ RunTime:0.000014s ]
INFO: [ app_init ] --END-- [ RunTime:0.000333s ]

[ 2017-05-26T14:40:04+08:00 ] 127.0.0.1 /admin.php/Login/verify/0.7359905292005451
INFO: [ app_init ] --START--
INFO: Run Behavior\BuildLiteBehavior [ RunTime:0.000017s ]
INFO: [ app_init ] --END-- [ RunTime:0.000345s ]

[ 2017-05-26T14:40:05+08:00 ] 127.0.0.1 /admin.php/Login/verify/0.514270869211082
INFO: [ app_init ] --START--
INFO: Run Behavior\BuildLiteBehavior [ RunTime:0.000030s ]
INFO: [ app_init ] --END-- [ RunTime:0.000554s ]

[ 2017-05-26T14:40:06+08:00 ] 127.0.0.1 /admin.php/Login/verify/0.5293405193664061
INFO: [ app_init ] --START--
INFO: Run Behavior\BuildLiteBehavior [ RunTime:0.000013s ]
INFO: [ app_init ] --END-- [ RunTime:0.000289s ]

[ 2017-05-26T14:40:07+08:00 ] 127.0.0.1 /admin.php/Login/verify/0.5625405204548961
INFO: [ app_init ] --START--
INFO: Run Behavior\BuildLiteBehavior [ RunTime:0.000017s ]
INFO: [ app_init ] --END-- [ RunTime:0.000349s ]

[ 2017-05-26T14:40:07+08:00 ] 127.0.0.1 /admin.php/Login/verify/0.5146018170274826
INFO: [ app_init ] --START--
INFO: Run Behavior\BuildLiteBehavior [ RunTime:0.000021s ]
INFO: [ app_init ] --END-- [ RunTime:0.000469s ]

[ 2017-05-26T14:40:08+08:00 ] 127.0.0.1 /admin.php/Login/verify/0.36617255659473696
INFO: [ app_init ] --START--
INFO: Run Behavior\BuildLiteBehavior [ RunTime:0.000017s ]
INFO: [ app_init ] --END-- [ RunTime:0.000351s ]

[ 2017-05-26T14:40:09+08:00 ] 127.0.0.1 /admin.php/Login/verify/0.23726106227931054
INFO: [ app_init ] --START--
INFO: Run Behavior\BuildLiteBehavior [ RunTime:0.000026s ]
INFO: [ app_init ] --END-- [ RunTime:0.000531s ]

[ 2017-05-26T14:40:09+08:00 ] 127.0.0.1 /admin.php/Login/verify/0.9508416322693913
INFO: [ app_init ] --START--
INFO: Run Behavior\BuildLiteBehavior [ RunTime:0.000018s ]
INFO: [ app_init ] --END-- [ RunTime:0.000381s ]

[ 2017-05-26T14:40:10+08:00 ] 127.0.0.1 /admin.php/Login/verify/0.8149551656016445
INFO: [ app_init ] --START--
INFO: Run Behavior\BuildLiteBehavior [ RunTime:0.000016s ]
INFO: [ app_init ] --END-- [ RunTime:0.000352s ]

[ 2017-05-26T14:40:10+08:00 ] 127.0.0.1 /admin.php/Login/verify/0.01718754165899522
INFO: [ app_init ] --START--
INFO: Run Behavior\BuildLiteBehavior [ RunTime:0.000020s ]
INFO: [ app_init ] --END-- [ RunTime:0.000445s ]

[ 2017-05-26T14:40:10+08:00 ] 127.0.0.1 /admin.php/Login/verify/0.7477868527447646
INFO: [ app_init ] --START--
INFO: Run Behavior\BuildLiteBehavior [ RunTime:0.000022s ]
INFO: [ app_init ] --END-- [ RunTime:0.000456s ]

[ 2017-05-26T14:40:20+08:00 ] 127.0.0.1 /admin.php/Login/verify/0.7734046673647268
INFO: [ app_init ] --START--
INFO: Run Behavior\BuildLiteBehavior [ RunTime:0.000024s ]
INFO: [ app_init ] --END-- [ RunTime:0.000453s ]

[ 2017-05-26T14:40:21+08:00 ] 127.0.0.1 /admin.php/Login/verify/0.6580652075611462
INFO: [ app_init ] --START--
INFO: Run Behavior\BuildLiteBehavior [ RunTime:0.000018s ]
INFO: [ app_init ] --END-- [ RunTime:0.000355s ]

[ 2017-05-26T14:40:22+08:00 ] 127.0.0.1 /admin.php/Login/verify/0.6544081736520506
INFO: [ app_init ] --START--
INFO: Run Behavior\BuildLiteBehavior [ RunTime:0.000025s ]
INFO: [ app_init ] --END-- [ RunTime:0.000373s ]

[ 2017-05-26T14:40:23+08:00 ] 127.0.0.1 /admin.php/Login/verify/0.4754561195104033
INFO: [ app_init ] --START--
INFO: Run Behavior\BuildLiteBehavior [ RunTime:0.000019s ]
INFO: [ app_init ] --END-- [ RunTime:0.000417s ]

[ 2017-05-26T15:35:57+08:00 ] 127.0.0.1 /admin.php
INFO: [ app_init ] --START--
INFO: Run Behavior\BuildLiteBehavior [ RunTime:0.000023s ]
INFO: [ app_init ] --END-- [ RunTime:0.000531s ]

[ 2017-05-26T15:35:58+08:00 ] 127.0.0.1 /admin.php/Login/verify.html
INFO: [ app_init ] --START--
INFO: Run Behavior\BuildLiteBehavior [ RunTime:0.000016s ]
INFO: [ app_init ] --END-- [ RunTime:0.000350s ]

[ 2017-05-26T15:50:30+08:00 ] 127.0.0.1 /admin.php
INFO: [ app_init ] --START--
INFO: Run Behavior\BuildLiteBehavior [ RunTime:0.000025s ]
INFO: [ app_init ] --END-- [ RunTime:0.000490s ]

[ 2017-05-26T15:50:30+08:00 ] 127.0.0.1 /admin.php/Login/verify.html
INFO: [ app_init ] --START--
INFO: Run Behavior\BuildLiteBehavior [ RunTime:0.000022s ]
INFO: [ app_init ] --END-- [ RunTime:0.000552s ]

[ 2017-05-26T15:53:05+08:00 ] 127.0.0.1 /admin.php/Login
INFO: [ app_init ] --START--
INFO: Run Behavior\BuildLiteBehavior [ RunTime:0.000021s ]
INFO: [ app_init ] --END-- [ RunTime:0.000510s ]

[ 2017-05-26T15:53:05+08:00 ] 127.0.0.1 /admin.php/Login/verify.html
INFO: [ app_init ] --START--
INFO: Run Behavior\BuildLiteBehavior [ RunTime:0.000031s ]
INFO: [ app_init ] --END-- [ RunTime:0.000821s ]

[ 2017-05-26T15:54:41+08:00 ] 127.0.0.1 /admin.php/Attribute
INFO: [ app_init ] --START--
INFO: Run Behavior\BuildLiteBehavior [ RunTime:0.000019s ]
INFO: [ app_init ] --END-- [ RunTime:0.000516s ]

[ 2017-05-26T15:54:41+08:00 ] 127.0.0.1 /admin.php/admin.php/Login/index.html.html
INFO: [ app_init ] --START--
INFO: Run Behavior\BuildLiteBehavior [ RunTime:0.000025s ]
INFO: [ app_init ] --END-- [ RunTime:0.000501s ]
ERR: 无法加载控制器:Admin.php

[ 2017-05-26T15:55:03+08:00 ] 127.0.0.1 /admin.php/admin.php/Attribute
INFO: [ app_init ] --START--
INFO: Run Behavior\BuildLiteBehavior [ RunTime:0.000016s ]
INFO: [ app_init ] --END-- [ RunTime:0.000550s ]
ERR: 无法加载控制器:Admin.php

[ 2017-05-26T15:55:28+08:00 ] 127.0.0.1 /admin.php/Attribute
INFO: [ app_init ] --START--
INFO: Run Behavior\BuildLiteBehavior [ RunTime:0.000016s ]
INFO: [ app_init ] --END-- [ RunTime:0.000432s ]

[ 2017-05-26T15:55:28+08:00 ] 127.0.0.1 /admin.php/admin.php/Login/index.html.html
INFO: [ app_init ] --START--
INFO: Run Behavior\BuildLiteBehavior [ RunTime:0.000015s ]
INFO: [ app_init ] --END-- [ RunTime:0.000335s ]
ERR: 无法加载控制器:Admin.php

[ 2017-05-26T17:28:21+08:00 ] 127.0.0.1 /admin.php
INFO: [ app_init ] --START--
INFO: Run Behavior\BuildLiteBehavior [ RunTime:0.000015s ]
INFO: [ app_init ] --END-- [ RunTime:0.000332s ]

[ 2017-05-26T17:28:21+08:00 ] 127.0.0.1 /admin.php/Login/verify.html
INFO: [ app_init ] --START--
INFO: Run Behavior\BuildLiteBehavior [ RunTime:0.000016s ]
INFO: [ app_init ] --END-- [ RunTime:0.000360s ]

[ 2017-05-26T17:41:23+08:00 ] 127.0.0.1 /admin.php
INFO: [ app_init ] --START--
INFO: Run Behavior\BuildLiteBehavior [ RunTime:0.000025s ]
INFO: [ app_init ] --END-- [ RunTime:0.000464s ]

[ 2017-05-26T17:41:23+08:00 ] 127.0.0.1 /admin.php/Login/verify.html
INFO: [ app_init ] --START--
INFO: Run Behavior\BuildLiteBehavior [ RunTime:0.000015s ]
INFO: [ app_init ] --END-- [ RunTime:0.000343s ]

[ 2017-05-26T17:41:36+08:00 ] 127.0.0.1 /admin.php/Login/verify
INFO: [ app_init ] --START--
INFO: Run Behavior\BuildLiteBehavior [ RunTime:0.000018s ]
INFO: [ app_init ] --END-- [ RunTime:0.001037s ]

[ 2017-05-26T17:46:54+08:00 ] 127.0.0.1 /admin.php/Login/verify
INFO: [ app_init ] --START--
INFO: Run Behavior\BuildLiteBehavior [ RunTime:0.000033s ]
INFO: [ app_init ] --END-- [ RunTime:0.000816s ]

[ 2017-05-26T17:46:55+08:00 ] 127.0.0.1 /admin.php/Login/verify
INFO: [ app_init ] --START--
INFO: Run Behavior\BuildLiteBehavior [ RunTime:0.000031s ]
INFO: [ app_init ] --END-- [ RunTime:0.000706s ]

[ 2017-05-26T17:46:56+08:00 ] 127.0.0.1 /admin.php/Login/verify
INFO: [ app_init ] --START--
INFO: Run Behavior\BuildLiteBehavior [ RunTime:0.000018s ]
INFO: [ app_init ] --END-- [ RunTime:0.000355s ]

[ 2017-05-26T17:46:56+08:00 ] 127.0.0.1 /admin.php/Login/verify
INFO: [ app_init ] --START--
INFO: Run Behavior\BuildLiteBehavior [ RunTime:0.000015s ]
INFO: [ app_init ] --END-- [ RunTime:0.000295s ]

[ 2017-05-26T17:46:56+08:00 ] 127.0.0.1 /admin.php/Login/verify
INFO: [ app_init ] --START--
INFO: Run Behavior\BuildLiteBehavior [ RunTime:0.000016s ]
INFO: [ app_init ] --END-- [ RunTime:0.000313s ]

[ 2017-05-26T17:46:56+08:00 ] 127.0.0.1 /admin.php/Login/verify
INFO: [ app_init ] --START--
INFO: Run Behavior\BuildLiteBehavior [ RunTime:0.000015s ]
INFO: [ app_init ] --END-- [ RunTime:0.000305s ]

[ 2017-05-26T17:46:56+08:00 ] 127.0.0.1 /admin.php/Login/verify
INFO: [ app_init ] --START--
INFO: Run Behavior\BuildLiteBehavior [ RunTime:0.000024s ]
INFO: [ app_init ] --END-- [ RunTime:0.000451s ]

[ 2017-05-26T17:46:56+08:00 ] 127.0.0.1 /admin.php/Login/verify
INFO: [ app_init ] --START--
INFO: Run Behavior\BuildLiteBehavior [ RunTime:0.000026s ]
INFO: [ app_init ] --END-- [ RunTime:0.000551s ]

[ 2017-05-26T17:46:56+08:00 ] 127.0.0.1 /admin.php/Login/verify
INFO: [ app_init ] --START--
INFO: Run Behavior\BuildLiteBehavior [ RunTime:0.000015s ]
INFO: [ app_init ] --END-- [ RunTime:0.000330s ]

[ 2017-05-26T17:46:56+08:00 ] 127.0.0.1 /admin.php/Login/verify
INFO: [ app_init ] --START--
INFO: Run Behavior\BuildLiteBehavior [ RunTime:0.000021s ]
INFO: [ app_init ] --END-- [ RunTime:0.000411s ]

[ 2017-05-26T17:46:56+08:00 ] 127.0.0.1 /admin.php/Login/verify
INFO: [ app_init ] --START--
INFO: Run Behavior\BuildLiteBehavior [ RunTime:0.000014s ]
INFO: [ app_init ] --END-- [ RunTime:0.000290s ]

[ 2017-05-26T17:46:56+08:00 ] 127.0.0.1 /admin.php/Login/verify
INFO: [ app_init ] --START--
INFO: Run Behavior\BuildLiteBehavior [ RunTime:0.000014s ]
INFO: [ app_init ] --END-- [ RunTime:0.000290s ]

[ 2017-05-26T17:46:56+08:00 ] 127.0.0.1 /admin.php/Login/verify
INFO: [ app_init ] --START--
INFO: Run Behavior\BuildLiteBehavior [ RunTime:0.000016s ]
INFO: [ app_init ] --END-- [ RunTime:0.000323s ]

[ 2017-05-26T17:46:56+08:00 ] 127.0.0.1 /admin.php/Login/verify
INFO: [ app_init ] --START--
INFO: Run Behavior\BuildLiteBehavior [ RunTime:0.000027s ]
INFO: [ app_init ] --END-- [ RunTime:0.000508s ]

[ 2017-05-26T17:46:56+08:00 ] 127.0.0.1 /admin.php/Login/verify
INFO: [ app_init ] --START--
INFO: Run Behavior\BuildLiteBehavior [ RunTime:0.000014s ]
INFO: [ app_init ] --END-- [ RunTime:0.000300s ]

[ 2017-05-26T17:46:56+08:00 ] 127.0.0.1 /admin.php/Login/verify
INFO: [ app_init ] --START--
INFO: Run Behavior\BuildLiteBehavior [ RunTime:0.000031s ]
INFO: [ app_init ] --END-- [ RunTime:0.000423s ]

[ 2017-05-26T17:46:56+08:00 ] 127.0.0.1 /admin.php/Login/verify
INFO: [ app_init ] --START--
INFO: Run Behavior\BuildLiteBehavior [ RunTime:0.000015s ]
INFO: [ app_init ] --END-- [ RunTime:0.000299s ]

[ 2017-05-26T17:46:56+08:00 ] 127.0.0.1 /admin.php/Login/verify
INFO: [ app_init ] --START--
INFO: Run Behavior\BuildLiteBehavior [ RunTime:0.000014s ]
INFO: [ app_init ] --END-- [ RunTime:0.000293s ]

[ 2017-05-26T17:46:56+08:00 ] 127.0.0.1 /admin.php/Login/verify
INFO: [ app_init ] --START--
INFO: Run Behavior\BuildLiteBehavior [ RunTime:0.000012s ]
INFO: [ app_init ] --END-- [ RunTime:0.000271s ]

[ 2017-05-26T17:46:56+08:00 ] 127.0.0.1 /admin.php/Login/verify
INFO: [ app_init ] --START--
INFO: Run Behavior\BuildLiteBehavior [ RunTime:0.000016s ]
INFO: [ app_init ] --END-- [ RunTime:0.000310s ]

[ 2017-05-26T17:46:56+08:00 ] 127.0.0.1 /admin.php/Login/verify
INFO: [ app_init ] --START--
INFO: Run Behavior\BuildLiteBehavior [ RunTime:0.000014s ]
INFO: [ app_init ] --END-- [ RunTime:0.000296s ]

[ 2017-05-26T17:46:57+08:00 ] 127.0.0.1 /admin.php/Login/verify
INFO: [ app_init ] --START--
INFO: Run Behavior\BuildLiteBehavior [ RunTime:0.000015s ]
INFO: [ app_init ] --END-- [ RunTime:0.000336s ]

[ 2017-05-26T17:46:57+08:00 ] 127.0.0.1 /admin.php/Login/verify
INFO: [ app_init ] --START--
INFO: Run Behavior\BuildLiteBehavior [ RunTime:0.000016s ]
INFO: [ app_init ] --END-- [ RunTime:0.000368s ]

[ 2017-05-26T17:46:57+08:00 ] 127.0.0.1 /admin.php/Login/verify
INFO: [ app_init ] --START--
INFO: Run Behavior\BuildLiteBehavior [ RunTime:0.000016s ]
INFO: [ app_init ] --END-- [ RunTime:0.000370s ]

[ 2017-05-26T17:46:57+08:00 ] 127.0.0.1 /admin.php/Login/verify
INFO: [ app_init ] --START--
INFO: Run Behavior\BuildLiteBehavior [ RunTime:0.000020s ]
INFO: [ app_init ] --END-- [ RunTime:0.000351s ]

[ 2017-05-26T17:46:57+08:00 ] 127.0.0.1 /admin.php/Login/verify
INFO: [ app_init ] --START--
INFO: Run Behavior\BuildLiteBehavior [ RunTime:0.000016s ]
INFO: [ app_init ] --END-- [ RunTime:0.000294s ]

[ 2017-05-26T17:46:57+08:00 ] 127.0.0.1 /admin.php/Login/verify
INFO: [ app_init ] --START--
INFO: Run Behavior\BuildLiteBehavior [ RunTime:0.000015s ]
INFO: [ app_init ] --END-- [ RunTime:0.000318s ]

[ 2017-05-26T17:46:57+08:00 ] 127.0.0.1 /admin.php/Login/verify
INFO: [ app_init ] --START--
INFO: Run Behavior\BuildLiteBehavior [ RunTime:0.000014s ]
INFO: [ app_init ] --END-- [ RunTime:0.000270s ]

[ 2017-05-26T17:46:57+08:00 ] 127.0.0.1 /admin.php/Login/verify
INFO: [ app_init ] --START--
INFO: Run Behavior\BuildLiteBehavior [ RunTime:0.000013s ]
INFO: [ app_init ] --END-- [ RunTime:0.000290s ]

[ 2017-05-26T17:46:57+08:00 ] 127.0.0.1 /admin.php/Login/verify
INFO: [ app_init ] --START--
INFO: Run Behavior\BuildLiteBehavior [ RunTime:0.000014s ]
INFO: [ app_init ] --END-- [ RunTime:0.000268s ]

[ 2017-05-26T17:46:57+08:00 ] 127.0.0.1 /admin.php/Login/verify
INFO: [ app_init ] --START--
INFO: Run Behavior\BuildLiteBehavior [ RunTime:0.000015s ]
INFO: [ app_init ] --END-- [ RunTime:0.000294s ]

[ 2017-05-26T17:46:57+08:00 ] 127.0.0.1 /admin.php/Login/verify
INFO: [ app_init ] --START--
INFO: Run Behavior\BuildLiteBehavior [ RunTime:0.000015s ]
INFO: [ app_init ] --END-- [ RunTime:0.000299s ]

[ 2017-05-26T17:46:57+08:00 ] 127.0.0.1 /admin.php/Login/verify
INFO: [ app_init ] --START--
INFO: Run Behavior\BuildLiteBehavior [ RunTime:0.000017s ]
INFO: [ app_init ] --END-- [ RunTime:0.000301s ]

[ 2017-05-26T17:46:57+08:00 ] 127.0.0.1 /admin.php/Login/verify
INFO: [ app_init ] --START--
INFO: Run Behavior\BuildLiteBehavior [ RunTime:0.000014s ]
INFO: [ app_init ] --END-- [ RunTime:0.000289s ]

[ 2017-05-26T17:46:57+08:00 ] 127.0.0.1 /admin.php/Login/verify
INFO: [ app_init ] --START--
INFO: Run Behavior\BuildLiteBehavior [ RunTime:0.000014s ]
INFO: [ app_init ] --END-- [ RunTime:0.000294s ]

[ 2017-05-26T17:46:57+08:00 ] 127.0.0.1 /admin.php/Login/verify
INFO: [ app_init ] --START--
INFO: Run Behavior\BuildLiteBehavior [ RunTime:0.000015s ]
INFO: [ app_init ] --END-- [ RunTime:0.000299s ]

[ 2017-05-26T17:47:34+08:00 ] 127.0.0.1 /admin.php/Login
INFO: [ app_init ] --START--
INFO: Run Behavior\BuildLiteBehavior [ RunTime:0.000022s ]
INFO: [ app_init ] --END-- [ RunTime:0.000463s ]

[ 2017-05-26T17:47:34+08:00 ] 127.0.0.1 /admin.php/Login/verify.html
INFO: [ app_init ] --START--
INFO: Run Behavior\BuildLiteBehavior [ RunTime:0.000029s ]
INFO: [ app_init ] --END-- [ RunTime:0.001040s ]

[ 2017-05-26T17:47:43+08:00 ] 127.0.0.1 /admin.php/Login/verify
INFO: [ app_init ] --START--
INFO: Run Behavior\BuildLiteBehavior [ RunTime:0.000023s ]
INFO: [ app_init ] --END-- [ RunTime:0.001181s ]

[ 2017-05-26T17:47:43+08:00 ] 127.0.0.1 /admin.php/Login/verify
INFO: [ app_init ] --START--
INFO: Run Behavior\BuildLiteBehavior [ RunTime:0.000020s ]
INFO: [ app_init ] --END-- [ RunTime:0.000367s ]

[ 2017-05-26T17:48:51+08:00 ] 127.0.0.1 /admin.php/Login
INFO: [ app_init ] --START--
INFO: Run Behavior\BuildLiteBehavior [ RunTime:0.000016s ]
INFO: [ app_init ] --END-- [ RunTime:0.000325s ]

[ 2017-05-26T17:48:51+08:00 ] 127.0.0.1 /admin.php/Login/verify.html
INFO: [ app_init ] --START--
INFO: Run Behavior\BuildLiteBehavior [ RunTime:0.000023s ]
INFO: [ app_init ] --END-- [ RunTime:0.000412s ]

[ 2017-05-26T17:51:08+08:00 ] 127.0.0.1 /admin.php/Login/verify
INFO: [ app_init ] --START--
INFO: Run Behavior\BuildLiteBehavior [ RunTime:0.000018s ]
INFO: [ app_init ] --END-- [ RunTime:0.000394s ]

[ 2017-05-26T17:51:08+08:00 ] 127.0.0.1 /admin.php/Login/verify
INFO: [ app_init ] --START--
INFO: Run Behavior\BuildLiteBehavior [ RunTime:0.000062s ]
INFO: [ app_init ] --END-- [ RunTime:0.001446s ]

[ 2017-05-26T17:51:37+08:00 ] 127.0.0.1 /admin.php/Login/verify/0.7795832915246832
INFO: [ app_init ] --START--
INFO: Run Behavior\BuildLiteBehavior [ RunTime:0.000013s ]
INFO: [ app_init ] --END-- [ RunTime:0.000326s ]

[ 2017-05-26T17:51:38+08:00 ] 127.0.0.1 /admin.php/Login/verify/0.7833035184805506
INFO: [ app_init ] --START--
INFO: Run Behavior\BuildLiteBehavior [ RunTime:0.000031s ]
INFO: [ app_init ] --END-- [ RunTime:0.000721s ]

[ 2017-05-26T17:51:39+08:00 ] 127.0.0.1 /admin.php/Login/verify/0.07598758665528954
INFO: [ app_init ] --START--
INFO: Run Behavior\BuildLiteBehavior [ RunTime:0.000022s ]
INFO: [ app_init ] --END-- [ RunTime:0.001407s ]

